#
# There is insufficient memory for the Java Runtime Environment to continue.
# Native memory allocation (malloc) failed to allocate 634848 bytes for Chunk::new
# Possible reasons:
#   The system is out of physical RAM or swap space
#   The process is running with CompressedOops enabled, and the Java Heap may be blocking the growth of the native heap
# Possible solutions:
#   Reduce memory load on the system
#   Increase physical memory or swap space
#   Check if swap backing store is full
#   Decrease Java heap size (-Xmx/-Xms)
#   Decrease number of Java threads
#   Decrease Java thread stack sizes (-Xss)
#   Set larger code cache with -XX:ReservedCodeCacheSize=
#   JVM is running with Zero Based Compressed Oops mode in which the Java heap is
#     placed in the first 32GB address space. The Java Heap base address is the
#     maximum limit for the native heap growth. Please use -XX:HeapBaseMinAddress
#     to set the Java Heap base and to place the Java Heap above 32GB virtual address.
# This output file may be truncated or incomplete.
#
#  Out of Memory Error (arena.cpp:166), pid=44916, tid=48908
#
# JRE version: Java(TM) SE Runtime Environment (21.0+35) (build 21+35-LTS-2513)
# Java VM: Java HotSpot(TM) 64-Bit Server VM (21+35-LTS-2513, mixed mode, sharing, tiered, compressed oops, compressed class ptrs, g1 gc, windows-amd64)
# No core dump will be written. Minidumps are not enabled by default on client versions of Windows
#

---------------  S U M M A R Y ------------

Command Line: -Dfile.encoding=UTF-8 -Dstdout.encoding=UTF-8 -Dstderr.encoding=UTF-8 -XX:+ShowCodeDetailsInExceptionMessages com.wright.firstClass

Host: 11th Gen Intel(R) Core(TM) i7-11850H @ 2.50GHz, 16 cores, 15G,  Windows 10 , 64 bit Build 19041 (10.0.19041.3636)
Time: Thu Mar 28 13:17:04 2024 India Standard Time elapsed time: 1.155241 seconds (0d 0h 0m 1s)

---------------  T H R E A D  ---------------

Current thread (0x000001db32647930):  JavaThread "C2 CompilerThread0" daemon [_thread_in_native, id=48908, stack(0x0000004d12600000,0x0000004d12700000) (1024K)]


Current CompileTask:
C2:   1155  875   !   4       java.util.zip.InflaterInputStream::read (129 bytes)

Stack: [0x0000004d12600000,0x0000004d12700000]
Native frames: (J=compiled Java code, j=interpreted, Vv=VM code, C=native code)
V  [jvm.dll+0x6c8d39]
V  [jvm.dll+0x854091]
V  [jvm.dll+0x85630e]
V  [jvm.dll+0x8569e3]
V  [jvm.dll+0x2809a6]
V  [jvm.dll+0xc3e6d]
V  [jvm.dll+0xc4383]
V  [jvm.dll+0x3b551c]
V  [jvm.dll+0x382245]
V  [jvm.dll+0x3816ba]
V  [jvm.dll+0x249800]
V  [jvm.dll+0x248de1]
V  [jvm.dll+0x1c9b91]
V  [jvm.dll+0x2583e9]
V  [jvm.dll+0x2569ca]
V  [jvm.dll+0x3eef66]
V  [jvm.dll+0x7fd2c8]
V  [jvm.dll+0x6c748d]
C  [ucrtbase.dll+0x21bb2]
C  [KERNEL32.DLL+0x17344]
C  [ntdll.dll+0x526b1]


---------------  P R O C E S S  ---------------

Threads class SMR info:
_java_thread_list=0x000001db781b6d50, length=18, elements={
0x000001db107e3790, 0x000001db326307d0, 0x000001db326314f0, 0x000001db326330c0,
0x000001db32633da0, 0x000001db32634800, 0x000001db32638760, 0x000001db32647930,
0x000001db3264a3e0, 0x000001db327ed380, 0x000001db328fa6a0, 0x000001db329021e0,
0x000001db32a37540, 0x000001db781080c0, 0x000001db78111f70, 0x000001db781125e0,
0x000001db78176d40, 0x000001db7817c0d0
}

Java Threads: ( => current thread )
  0x000001db107e3790 JavaThread "main"                              [_thread_in_native, id=30844, stack(0x0000004d11800000,0x0000004d11900000) (1024K)]
  0x000001db326307d0 JavaThread "Reference Handler"          daemon [_thread_blocked, id=18032, stack(0x0000004d12000000,0x0000004d12100000) (1024K)]
  0x000001db326314f0 JavaThread "Finalizer"                  daemon [_thread_blocked, id=43832, stack(0x0000004d12100000,0x0000004d12200000) (1024K)]
  0x000001db326330c0 JavaThread "Signal Dispatcher"          daemon [_thread_blocked, id=45184, stack(0x0000004d12200000,0x0000004d12300000) (1024K)]
  0x000001db32633da0 JavaThread "Attach Listener"            daemon [_thread_blocked, id=55092, stack(0x0000004d12300000,0x0000004d12400000) (1024K)]
  0x000001db32634800 JavaThread "Service Thread"             daemon [_thread_blocked, id=2236, stack(0x0000004d12400000,0x0000004d12500000) (1024K)]
  0x000001db32638760 JavaThread "Monitor Deflation Thread"   daemon [_thread_blocked, id=50124, stack(0x0000004d12500000,0x0000004d12600000) (1024K)]
=>0x000001db32647930 JavaThread "C2 CompilerThread0"         daemon [_thread_in_native, id=48908, stack(0x0000004d12600000,0x0000004d12700000) (1024K)]
  0x000001db3264a3e0 JavaThread "C1 CompilerThread0"         daemon [_thread_blocked, id=23024, stack(0x0000004d12700000,0x0000004d12800000) (1024K)]
  0x000001db327ed380 JavaThread "C1 CompilerThread1"         daemon [_thread_blocked, id=13512, stack(0x0000004d12800000,0x0000004d12900000) (1024K)]
  0x000001db328fa6a0 JavaThread "Notification Thread"        daemon [_thread_blocked, id=27372, stack(0x0000004d12900000,0x0000004d12a00000) (1024K)]
  0x000001db329021e0 JavaThread "Common-Cleaner"             daemon [_thread_blocked, id=26604, stack(0x0000004d12a00000,0x0000004d12b00000) (1024K)]
  0x000001db32a37540 JavaThread "C2 CompilerThread1"         daemon [_thread_in_native, id=30244, stack(0x0000004d12b00000,0x0000004d12c00000) (1024K)]
  0x000001db781080c0 JavaThread "Java2D Disposer"            daemon [_thread_blocked, id=3324, stack(0x0000004d12d00000,0x0000004d12e00000) (1024K)]
  0x000001db78111f70 JavaThread "AWT-Shutdown"                      [_thread_blocked, id=46556, stack(0x0000004d12e00000,0x0000004d12f00000) (1024K)]
  0x000001db781125e0 JavaThread "AWT-Windows"                daemon [_thread_in_native, id=972, stack(0x0000004d12f00000,0x0000004d13000000) (1024K)]
  0x000001db78176d40 JavaThread "C1 CompilerThread2"         daemon [_thread_blocked, id=44460, stack(0x0000004d13000000,0x0000004d13100000) (1024K)]
  0x000001db7817c0d0 JavaThread "C1 CompilerThread3"         daemon [_thread_blocked, id=46588, stack(0x0000004d13100000,0x0000004d13200000) (1024K)]
Total: 18

Other Threads:
  0x000001db326146a0 VMThread "VM Thread"                           [id=53480, stack(0x0000004d11f00000,0x0000004d12000000) (1024K)]
  0x000001db325fcda0 WatcherThread "VM Periodic Task Thread"        [id=53956, stack(0x0000004d11e00000,0x0000004d11f00000) (1024K)]
  0x000001db1233ec60 WorkerThread "GC Thread#0"                     [id=31076, stack(0x0000004d11900000,0x0000004d11a00000) (1024K)]
  0x000001db1234ff70 ConcurrentGCThread "G1 Main Marker"            [id=13332, stack(0x0000004d11a00000,0x0000004d11b00000) (1024K)]
  0x000001db123512d0 WorkerThread "G1 Conc#0"                       [id=49284, stack(0x0000004d11b00000,0x0000004d11c00000) (1024K)]
  0x000001db324cab60 ConcurrentGCThread "G1 Refine#0"               [id=37096, stack(0x0000004d11c00000,0x0000004d11d00000) (1024K)]
  0x000001db324cb380 ConcurrentGCThread "G1 Service"                [id=22740, stack(0x0000004d11d00000,0x0000004d11e00000) (1024K)]
Total: 7

Threads with active compile tasks:
C2 CompilerThread0     1184  875   !   4       java.util.zip.InflaterInputStream::read (129 bytes)
C2 CompilerThread1     1184  878  s!   4       sun.nio.ch.ChannelOutputStream::write (145 bytes)
Total: 2

VM state: not at safepoint (normal execution)

VM Mutex/Monitor currently owned by a thread: None

Heap address: 0x0000000704600000, size: 4026 MB, Compressed Oops mode: Zero based, Oop shift amount: 3

CDS archive(s) mapped at: [0x000001db33000000-0x000001db33c90000-0x000001db33c90000), size 13172736, SharedBaseAddress: 0x000001db33000000, ArchiveRelocationMode: 1.
Compressed class space mapped at: 0x000001db34000000-0x000001db74000000, reserved size: 1073741824
Narrow klass base: 0x000001db33000000, Narrow klass shift: 0, Narrow klass range: 0x100000000

GC Precious Log:
 CardTable entry size: 512
 Card Set container configuration: InlinePtr #cards 4 size 8 Array Of Cards #cards 16 size 48 Howl #buckets 8 coarsen threshold 3686 Howl Bitmap #cards 512 size 80 coarsen threshold 460 Card regions per heap region 1 cards per card region 4096
 CPUs: 16 total, 16 available
 Memory: 16103M
 Large Page Support: Disabled
 NUMA Support: Disabled
 Compressed Oops: Enabled (Zero based)
 Heap Region Size: 2M
 Heap Min Capacity: 8M
 Heap Initial Capacity: 252M
 Heap Max Capacity: 4026M
 Pre-touch: Disabled
 Parallel Workers: 13
 Concurrent Workers: 3
 Concurrent Refinement Workers: 13
 Periodic GC: Disabled

Heap:
 garbage-first heap   total 258048K, used 10240K [0x0000000704600000, 0x0000000800000000)
  region size 2048K, 7 young (14336K), 0 survivors (0K)
 Metaspace       used 3997K, committed 4224K, reserved 1114112K
  class space    used 389K, committed 512K, reserved 1048576K

Heap Regions: E=young(eden), S=young(survivor), O=old, HS=humongous(starts), HC=humongous(continues), CS=collection set, F=free, TAMS=top-at-mark-start, PB=parsable bottom
|   0|0x0000000704600000, 0x0000000704600000, 0x0000000704800000|  0%| F|  |TAMS 0x0000000704600000| PB 0x0000000704600000| Untracked 
|   1|0x0000000704800000, 0x0000000704800000, 0x0000000704a00000|  0%| F|  |TAMS 0x0000000704800000| PB 0x0000000704800000| Untracked 
|   2|0x0000000704a00000, 0x0000000704a00000, 0x0000000704c00000|  0%| F|  |TAMS 0x0000000704a00000| PB 0x0000000704a00000| Untracked 
|   3|0x0000000704c00000, 0x0000000704c00000, 0x0000000704e00000|  0%| F|  |TAMS 0x0000000704c00000| PB 0x0000000704c00000| Untracked 
|   4|0x0000000704e00000, 0x0000000704e00000, 0x0000000705000000|  0%| F|  |TAMS 0x0000000704e00000| PB 0x0000000704e00000| Untracked 
|   5|0x0000000705000000, 0x0000000705000000, 0x0000000705200000|  0%| F|  |TAMS 0x0000000705000000| PB 0x0000000705000000| Untracked 
|   6|0x0000000705200000, 0x0000000705200000, 0x0000000705400000|  0%| F|  |TAMS 0x0000000705200000| PB 0x0000000705200000| Untracked 
|   7|0x0000000705400000, 0x0000000705400000, 0x0000000705600000|  0%| F|  |TAMS 0x0000000705400000| PB 0x0000000705400000| Untracked 
|   8|0x0000000705600000, 0x0000000705600000, 0x0000000705800000|  0%| F|  |TAMS 0x0000000705600000| PB 0x0000000705600000| Untracked 
|   9|0x0000000705800000, 0x0000000705800000, 0x0000000705a00000|  0%| F|  |TAMS 0x0000000705800000| PB 0x0000000705800000| Untracked 
|  10|0x0000000705a00000, 0x0000000705a00000, 0x0000000705c00000|  0%| F|  |TAMS 0x0000000705a00000| PB 0x0000000705a00000| Untracked 
|  11|0x0000000705c00000, 0x0000000705c00000, 0x0000000705e00000|  0%| F|  |TAMS 0x0000000705c00000| PB 0x0000000705c00000| Untracked 
|  12|0x0000000705e00000, 0x0000000705e00000, 0x0000000706000000|  0%| F|  |TAMS 0x0000000705e00000| PB 0x0000000705e00000| Untracked 
|  13|0x0000000706000000, 0x0000000706000000, 0x0000000706200000|  0%| F|  |TAMS 0x0000000706000000| PB 0x0000000706000000| Untracked 
|  14|0x0000000706200000, 0x0000000706200000, 0x0000000706400000|  0%| F|  |TAMS 0x0000000706200000| PB 0x0000000706200000| Untracked 
|  15|0x0000000706400000, 0x0000000706400000, 0x0000000706600000|  0%| F|  |TAMS 0x0000000706400000| PB 0x0000000706400000| Untracked 
|  16|0x0000000706600000, 0x0000000706600000, 0x0000000706800000|  0%| F|  |TAMS 0x0000000706600000| PB 0x0000000706600000| Untracked 
|  17|0x0000000706800000, 0x0000000706800000, 0x0000000706a00000|  0%| F|  |TAMS 0x0000000706800000| PB 0x0000000706800000| Untracked 
|  18|0x0000000706a00000, 0x0000000706a00000, 0x0000000706c00000|  0%| F|  |TAMS 0x0000000706a00000| PB 0x0000000706a00000| Untracked 
|  19|0x0000000706c00000, 0x0000000706c00000, 0x0000000706e00000|  0%| F|  |TAMS 0x0000000706c00000| PB 0x0000000706c00000| Untracked 
|  20|0x0000000706e00000, 0x0000000706e00000, 0x0000000707000000|  0%| F|  |TAMS 0x0000000706e00000| PB 0x0000000706e00000| Untracked 
|  21|0x0000000707000000, 0x0000000707000000, 0x0000000707200000|  0%| F|  |TAMS 0x0000000707000000| PB 0x0000000707000000| Untracked 
|  22|0x0000000707200000, 0x0000000707200000, 0x0000000707400000|  0%| F|  |TAMS 0x0000000707200000| PB 0x0000000707200000| Untracked 
|  23|0x0000000707400000, 0x0000000707400000, 0x0000000707600000|  0%| F|  |TAMS 0x0000000707400000| PB 0x0000000707400000| Untracked 
|  24|0x0000000707600000, 0x0000000707600000, 0x0000000707800000|  0%| F|  |TAMS 0x0000000707600000| PB 0x0000000707600000| Untracked 
|  25|0x0000000707800000, 0x0000000707800000, 0x0000000707a00000|  0%| F|  |TAMS 0x0000000707800000| PB 0x0000000707800000| Untracked 
|  26|0x0000000707a00000, 0x0000000707a00000, 0x0000000707c00000|  0%| F|  |TAMS 0x0000000707a00000| PB 0x0000000707a00000| Untracked 
|  27|0x0000000707c00000, 0x0000000707c00000, 0x0000000707e00000|  0%| F|  |TAMS 0x0000000707c00000| PB 0x0000000707c00000| Untracked 
|  28|0x0000000707e00000, 0x0000000707e00000, 0x0000000708000000|  0%| F|  |TAMS 0x0000000707e00000| PB 0x0000000707e00000| Untracked 
|  29|0x0000000708000000, 0x0000000708000000, 0x0000000708200000|  0%| F|  |TAMS 0x0000000708000000| PB 0x0000000708000000| Untracked 
|  30|0x0000000708200000, 0x0000000708200000, 0x0000000708400000|  0%| F|  |TAMS 0x0000000708200000| PB 0x0000000708200000| Untracked 
|  31|0x0000000708400000, 0x0000000708400000, 0x0000000708600000|  0%| F|  |TAMS 0x0000000708400000| PB 0x0000000708400000| Untracked 
|  32|0x0000000708600000, 0x0000000708600000, 0x0000000708800000|  0%| F|  |TAMS 0x0000000708600000| PB 0x0000000708600000| Untracked 
|  33|0x0000000708800000, 0x0000000708800000, 0x0000000708a00000|  0%| F|  |TAMS 0x0000000708800000| PB 0x0000000708800000| Untracked 
|  34|0x0000000708a00000, 0x0000000708a00000, 0x0000000708c00000|  0%| F|  |TAMS 0x0000000708a00000| PB 0x0000000708a00000| Untracked 
|  35|0x0000000708c00000, 0x0000000708c00000, 0x0000000708e00000|  0%| F|  |TAMS 0x0000000708c00000| PB 0x0000000708c00000| Untracked 
|  36|0x0000000708e00000, 0x0000000708e00000, 0x0000000709000000|  0%| F|  |TAMS 0x0000000708e00000| PB 0x0000000708e00000| Untracked 
|  37|0x0000000709000000, 0x0000000709000000, 0x0000000709200000|  0%| F|  |TAMS 0x0000000709000000| PB 0x0000000709000000| Untracked 
|  38|0x0000000709200000, 0x0000000709200000, 0x0000000709400000|  0%| F|  |TAMS 0x0000000709200000| PB 0x0000000709200000| Untracked 
|  39|0x0000000709400000, 0x0000000709400000, 0x0000000709600000|  0%| F|  |TAMS 0x0000000709400000| PB 0x0000000709400000| Untracked 
|  40|0x0000000709600000, 0x0000000709600000, 0x0000000709800000|  0%| F|  |TAMS 0x0000000709600000| PB 0x0000000709600000| Untracked 
|  41|0x0000000709800000, 0x0000000709800000, 0x0000000709a00000|  0%| F|  |TAMS 0x0000000709800000| PB 0x0000000709800000| Untracked 
|  42|0x0000000709a00000, 0x0000000709a00000, 0x0000000709c00000|  0%| F|  |TAMS 0x0000000709a00000| PB 0x0000000709a00000| Untracked 
|  43|0x0000000709c00000, 0x0000000709c00000, 0x0000000709e00000|  0%| F|  |TAMS 0x0000000709c00000| PB 0x0000000709c00000| Untracked 
|  44|0x0000000709e00000, 0x0000000709e00000, 0x000000070a000000|  0%| F|  |TAMS 0x0000000709e00000| PB 0x0000000709e00000| Untracked 
|  45|0x000000070a000000, 0x000000070a000000, 0x000000070a200000|  0%| F|  |TAMS 0x000000070a000000| PB 0x000000070a000000| Untracked 
|  46|0x000000070a200000, 0x000000070a200000, 0x000000070a400000|  0%| F|  |TAMS 0x000000070a200000| PB 0x000000070a200000| Untracked 
|  47|0x000000070a400000, 0x000000070a400000, 0x000000070a600000|  0%| F|  |TAMS 0x000000070a400000| PB 0x000000070a400000| Untracked 
|  48|0x000000070a600000, 0x000000070a600000, 0x000000070a800000|  0%| F|  |TAMS 0x000000070a600000| PB 0x000000070a600000| Untracked 
|  49|0x000000070a800000, 0x000000070a800000, 0x000000070aa00000|  0%| F|  |TAMS 0x000000070a800000| PB 0x000000070a800000| Untracked 
|  50|0x000000070aa00000, 0x000000070aa00000, 0x000000070ac00000|  0%| F|  |TAMS 0x000000070aa00000| PB 0x000000070aa00000| Untracked 
|  51|0x000000070ac00000, 0x000000070ac00000, 0x000000070ae00000|  0%| F|  |TAMS 0x000000070ac00000| PB 0x000000070ac00000| Untracked 
|  52|0x000000070ae00000, 0x000000070ae00000, 0x000000070b000000|  0%| F|  |TAMS 0x000000070ae00000| PB 0x000000070ae00000| Untracked 
|  53|0x000000070b000000, 0x000000070b000000, 0x000000070b200000|  0%| F|  |TAMS 0x000000070b000000| PB 0x000000070b000000| Untracked 
|  54|0x000000070b200000, 0x000000070b200000, 0x000000070b400000|  0%| F|  |TAMS 0x000000070b200000| PB 0x000000070b200000| Untracked 
|  55|0x000000070b400000, 0x000000070b400000, 0x000000070b600000|  0%| F|  |TAMS 0x000000070b400000| PB 0x000000070b400000| Untracked 
|  56|0x000000070b600000, 0x000000070b600000, 0x000000070b800000|  0%| F|  |TAMS 0x000000070b600000| PB 0x000000070b600000| Untracked 
|  57|0x000000070b800000, 0x000000070b800000, 0x000000070ba00000|  0%| F|  |TAMS 0x000000070b800000| PB 0x000000070b800000| Untracked 
|  58|0x000000070ba00000, 0x000000070ba00000, 0x000000070bc00000|  0%| F|  |TAMS 0x000000070ba00000| PB 0x000000070ba00000| Untracked 
|  59|0x000000070bc00000, 0x000000070bc00000, 0x000000070be00000|  0%| F|  |TAMS 0x000000070bc00000| PB 0x000000070bc00000| Untracked 
|  60|0x000000070be00000, 0x000000070be00000, 0x000000070c000000|  0%| F|  |TAMS 0x000000070be00000| PB 0x000000070be00000| Untracked 
|  61|0x000000070c000000, 0x000000070c000000, 0x000000070c200000|  0%| F|  |TAMS 0x000000070c000000| PB 0x000000070c000000| Untracked 
|  62|0x000000070c200000, 0x000000070c200000, 0x000000070c400000|  0%| F|  |TAMS 0x000000070c200000| PB 0x000000070c200000| Untracked 
|  63|0x000000070c400000, 0x000000070c400000, 0x000000070c600000|  0%| F|  |TAMS 0x000000070c400000| PB 0x000000070c400000| Untracked 
|  64|0x000000070c600000, 0x000000070c600000, 0x000000070c800000|  0%| F|  |TAMS 0x000000070c600000| PB 0x000000070c600000| Untracked 
|  65|0x000000070c800000, 0x000000070c800000, 0x000000070ca00000|  0%| F|  |TAMS 0x000000070c800000| PB 0x000000070c800000| Untracked 
|  66|0x000000070ca00000, 0x000000070ca00000, 0x000000070cc00000|  0%| F|  |TAMS 0x000000070ca00000| PB 0x000000070ca00000| Untracked 
|  67|0x000000070cc00000, 0x000000070cc00000, 0x000000070ce00000|  0%| F|  |TAMS 0x000000070cc00000| PB 0x000000070cc00000| Untracked 
|  68|0x000000070ce00000, 0x000000070ce00000, 0x000000070d000000|  0%| F|  |TAMS 0x000000070ce00000| PB 0x000000070ce00000| Untracked 
|  69|0x000000070d000000, 0x000000070d000000, 0x000000070d200000|  0%| F|  |TAMS 0x000000070d000000| PB 0x000000070d000000| Untracked 
|  70|0x000000070d200000, 0x000000070d200000, 0x000000070d400000|  0%| F|  |TAMS 0x000000070d200000| PB 0x000000070d200000| Untracked 
|  71|0x000000070d400000, 0x000000070d400000, 0x000000070d600000|  0%| F|  |TAMS 0x000000070d400000| PB 0x000000070d400000| Untracked 
|  72|0x000000070d600000, 0x000000070d600000, 0x000000070d800000|  0%| F|  |TAMS 0x000000070d600000| PB 0x000000070d600000| Untracked 
|  73|0x000000070d800000, 0x000000070d800000, 0x000000070da00000|  0%| F|  |TAMS 0x000000070d800000| PB 0x000000070d800000| Untracked 
|  74|0x000000070da00000, 0x000000070da00000, 0x000000070dc00000|  0%| F|  |TAMS 0x000000070da00000| PB 0x000000070da00000| Untracked 
|  75|0x000000070dc00000, 0x000000070dc00000, 0x000000070de00000|  0%| F|  |TAMS 0x000000070dc00000| PB 0x000000070dc00000| Untracked 
|  76|0x000000070de00000, 0x000000070de00000, 0x000000070e000000|  0%| F|  |TAMS 0x000000070de00000| PB 0x000000070de00000| Untracked 
|  77|0x000000070e000000, 0x000000070e000000, 0x000000070e200000|  0%| F|  |TAMS 0x000000070e000000| PB 0x000000070e000000| Untracked 
|  78|0x000000070e200000, 0x000000070e200000, 0x000000070e400000|  0%| F|  |TAMS 0x000000070e200000| PB 0x000000070e200000| Untracked 
|  79|0x000000070e400000, 0x000000070e400000, 0x000000070e600000|  0%| F|  |TAMS 0x000000070e400000| PB 0x000000070e400000| Untracked 
|  80|0x000000070e600000, 0x000000070e600000, 0x000000070e800000|  0%| F|  |TAMS 0x000000070e600000| PB 0x000000070e600000| Untracked 
|  81|0x000000070e800000, 0x000000070e800000, 0x000000070ea00000|  0%| F|  |TAMS 0x000000070e800000| PB 0x000000070e800000| Untracked 
|  82|0x000000070ea00000, 0x000000070ea00000, 0x000000070ec00000|  0%| F|  |TAMS 0x000000070ea00000| PB 0x000000070ea00000| Untracked 
|  83|0x000000070ec00000, 0x000000070ec00000, 0x000000070ee00000|  0%| F|  |TAMS 0x000000070ec00000| PB 0x000000070ec00000| Untracked 
|  84|0x000000070ee00000, 0x000000070ee00000, 0x000000070f000000|  0%| F|  |TAMS 0x000000070ee00000| PB 0x000000070ee00000| Untracked 
|  85|0x000000070f000000, 0x000000070f000000, 0x000000070f200000|  0%| F|  |TAMS 0x000000070f000000| PB 0x000000070f000000| Untracked 
|  86|0x000000070f200000, 0x000000070f200000, 0x000000070f400000|  0%| F|  |TAMS 0x000000070f200000| PB 0x000000070f200000| Untracked 
|  87|0x000000070f400000, 0x000000070f400000, 0x000000070f600000|  0%| F|  |TAMS 0x000000070f400000| PB 0x000000070f400000| Untracked 
|  88|0x000000070f600000, 0x000000070f600000, 0x000000070f800000|  0%| F|  |TAMS 0x000000070f600000| PB 0x000000070f600000| Untracked 
|  89|0x000000070f800000, 0x000000070f800000, 0x000000070fa00000|  0%| F|  |TAMS 0x000000070f800000| PB 0x000000070f800000| Untracked 
|  90|0x000000070fa00000, 0x000000070fa00000, 0x000000070fc00000|  0%| F|  |TAMS 0x000000070fa00000| PB 0x000000070fa00000| Untracked 
|  91|0x000000070fc00000, 0x000000070fc00000, 0x000000070fe00000|  0%| F|  |TAMS 0x000000070fc00000| PB 0x000000070fc00000| Untracked 
|  92|0x000000070fe00000, 0x000000070fe00000, 0x0000000710000000|  0%| F|  |TAMS 0x000000070fe00000| PB 0x000000070fe00000| Untracked 
|  93|0x0000000710000000, 0x0000000710000000, 0x0000000710200000|  0%| F|  |TAMS 0x0000000710000000| PB 0x0000000710000000| Untracked 
|  94|0x0000000710200000, 0x0000000710200000, 0x0000000710400000|  0%| F|  |TAMS 0x0000000710200000| PB 0x0000000710200000| Untracked 
|  95|0x0000000710400000, 0x0000000710400000, 0x0000000710600000|  0%| F|  |TAMS 0x0000000710400000| PB 0x0000000710400000| Untracked 
|  96|0x0000000710600000, 0x0000000710600000, 0x0000000710800000|  0%| F|  |TAMS 0x0000000710600000| PB 0x0000000710600000| Untracked 
|  97|0x0000000710800000, 0x0000000710800000, 0x0000000710a00000|  0%| F|  |TAMS 0x0000000710800000| PB 0x0000000710800000| Untracked 
|  98|0x0000000710a00000, 0x0000000710a00000, 0x0000000710c00000|  0%| F|  |TAMS 0x0000000710a00000| PB 0x0000000710a00000| Untracked 
|  99|0x0000000710c00000, 0x0000000710c00000, 0x0000000710e00000|  0%| F|  |TAMS 0x0000000710c00000| PB 0x0000000710c00000| Untracked 
| 100|0x0000000710e00000, 0x0000000710e00000, 0x0000000711000000|  0%| F|  |TAMS 0x0000000710e00000| PB 0x0000000710e00000| Untracked 
| 101|0x0000000711000000, 0x0000000711000000, 0x0000000711200000|  0%| F|  |TAMS 0x0000000711000000| PB 0x0000000711000000| Untracked 
| 102|0x0000000711200000, 0x0000000711200000, 0x0000000711400000|  0%| F|  |TAMS 0x0000000711200000| PB 0x0000000711200000| Untracked 
| 103|0x0000000711400000, 0x0000000711400000, 0x0000000711600000|  0%| F|  |TAMS 0x0000000711400000| PB 0x0000000711400000| Untracked 
| 104|0x0000000711600000, 0x0000000711600000, 0x0000000711800000|  0%| F|  |TAMS 0x0000000711600000| PB 0x0000000711600000| Untracked 
| 105|0x0000000711800000, 0x0000000711800000, 0x0000000711a00000|  0%| F|  |TAMS 0x0000000711800000| PB 0x0000000711800000| Untracked 
| 106|0x0000000711a00000, 0x0000000711a00000, 0x0000000711c00000|  0%| F|  |TAMS 0x0000000711a00000| PB 0x0000000711a00000| Untracked 
| 107|0x0000000711c00000, 0x0000000711c00000, 0x0000000711e00000|  0%| F|  |TAMS 0x0000000711c00000| PB 0x0000000711c00000| Untracked 
| 108|0x0000000711e00000, 0x0000000711e00000, 0x0000000712000000|  0%| F|  |TAMS 0x0000000711e00000| PB 0x0000000711e00000| Untracked 
| 109|0x0000000712000000, 0x0000000712000000, 0x0000000712200000|  0%| F|  |TAMS 0x0000000712000000| PB 0x0000000712000000| Untracked 
| 110|0x0000000712200000, 0x0000000712200000, 0x0000000712400000|  0%| F|  |TAMS 0x0000000712200000| PB 0x0000000712200000| Untracked 
| 111|0x0000000712400000, 0x0000000712400000, 0x0000000712600000|  0%| F|  |TAMS 0x0000000712400000| PB 0x0000000712400000| Untracked 
| 112|0x0000000712600000, 0x0000000712600000, 0x0000000712800000|  0%| F|  |TAMS 0x0000000712600000| PB 0x0000000712600000| Untracked 
| 113|0x0000000712800000, 0x0000000712800000, 0x0000000712a00000|  0%| F|  |TAMS 0x0000000712800000| PB 0x0000000712800000| Untracked 
| 114|0x0000000712a00000, 0x0000000712a00000, 0x0000000712c00000|  0%| F|  |TAMS 0x0000000712a00000| PB 0x0000000712a00000| Untracked 
| 115|0x0000000712c00000, 0x0000000712c00000, 0x0000000712e00000|  0%| F|  |TAMS 0x0000000712c00000| PB 0x0000000712c00000| Untracked 
| 116|0x0000000712e00000, 0x0000000712e00000, 0x0000000713000000|  0%| F|  |TAMS 0x0000000712e00000| PB 0x0000000712e00000| Untracked 
| 117|0x0000000713000000, 0x0000000713000000, 0x0000000713200000|  0%| F|  |TAMS 0x0000000713000000| PB 0x0000000713000000| Untracked 
| 118|0x0000000713200000, 0x0000000713200000, 0x0000000713400000|  0%| F|  |TAMS 0x0000000713200000| PB 0x0000000713200000| Untracked 
| 119|0x0000000713400000, 0x0000000713472a68, 0x0000000713600000| 22%| E|  |TAMS 0x0000000713400000| PB 0x0000000713400000| Complete 
| 120|0x0000000713600000, 0x0000000713800000, 0x0000000713800000|100%| E|CS|TAMS 0x0000000713600000| PB 0x0000000713600000| Complete 
| 121|0x0000000713800000, 0x0000000713a00000, 0x0000000713a00000|100%| E|CS|TAMS 0x0000000713800000| PB 0x0000000713800000| Complete 
| 122|0x0000000713a00000, 0x0000000713c00000, 0x0000000713c00000|100%| E|CS|TAMS 0x0000000713a00000| PB 0x0000000713a00000| Complete 
| 123|0x0000000713c00000, 0x0000000713e00000, 0x0000000713e00000|100%| E|  |TAMS 0x0000000713c00000| PB 0x0000000713c00000| Complete 
| 124|0x0000000713e00000, 0x0000000714000000, 0x0000000714000000|100%| E|CS|TAMS 0x0000000713e00000| PB 0x0000000713e00000| Complete 
| 125|0x0000000714000000, 0x0000000714200000, 0x0000000714200000|100%| E|CS|TAMS 0x0000000714000000| PB 0x0000000714000000| Complete 

Card table byte_map: [0x000001db2afc0000,0x000001db2b7a0000] _byte_map_base: 0x000001db2779d000

Marking Bits: (CMBitMap*) 0x000001db1233fa80
 Bits: [0x000001db2b7a0000, 0x000001db2f688000)

Polling page: 0x000001db109c0000

Metaspace:

Usage:
  Non-class:      3.52 MB used.
      Class:    389.28 KB used.
       Both:      3.90 MB used.

Virtual space:
  Non-class space:       64.00 MB reserved,       3.62 MB (  6%) committed,  1 nodes.
      Class space:        1.00 GB reserved,     512.00 KB ( <1%) committed,  1 nodes.
             Both:        1.06 GB reserved,       4.12 MB ( <1%) committed. 

Chunk freelists:
   Non-Class:  11.59 MB
       Class:  15.54 MB
        Both:  27.12 MB

MaxMetaspaceSize: unlimited
CompressedClassSpaceSize: 1.00 GB
Initial GC threshold: 21.00 MB
Current GC threshold: 21.00 MB
CDS: on
 - commit_granule_bytes: 65536.
 - commit_granule_words: 8192.
 - virtual_space_node_default_size: 8388608.
 - enlarge_chunks_in_place: 1.
 - use_allocation_guard: 0.


Internal statistics:

num_allocs_failed_limit: 0.
num_arena_births: 110.
num_arena_deaths: 0.
num_vsnodes_births: 2.
num_vsnodes_deaths: 0.
num_space_committed: 66.
num_space_uncommitted: 0.
num_chunks_returned_to_freelist: 0.
num_chunks_taken_from_freelist: 143.
num_chunk_merges: 0.
num_chunk_splits: 93.
num_chunks_enlarged: 51.
num_inconsistent_stats: 0.

CodeHeap 'non-profiled nmethods': size=119168Kb used=296Kb max_used=296Kb free=118871Kb
 bounds [0x000001db223c0000, 0x000001db22630000, 0x000001db29820000]
CodeHeap 'profiled nmethods': size=119104Kb used=1275Kb max_used=1275Kb free=117828Kb
 bounds [0x000001db1a820000, 0x000001db1aa90000, 0x000001db21c70000]
CodeHeap 'non-nmethods': size=7488Kb used=2703Kb max_used=3298Kb free=4784Kb
 bounds [0x000001db21c70000, 0x000001db21fb0000, 0x000001db223c0000]
 total_blobs=1400 nmethods=879 adapters=424
 compilation: enabled
              stopped_count=0, restarted_count=0
 full_count=0

Compilation events (20 events):
Event: 0.947 Thread 0x000001db32a37540  869       4       java.nio.MappedByteBuffer::flip (5 bytes)
Event: 0.948 Thread 0x000001db32647930 nmethod 866 0x000001db22405590 code [0x000001db22405780, 0x000001db22405bf8]
Event: 0.948 Thread 0x000001db32a37540 nmethod 869 0x000001db22406190 code [0x000001db22406320, 0x000001db224063c0]
Event: 0.949 Thread 0x000001db32ad4bc0 nmethod 867 0x000001db22406490 code [0x000001db224066a0, 0x000001db22406e70]
Event: 0.982 Thread 0x000001db32647930  870       4       sun.nio.ch.IOUtil::acquireScope (36 bytes)
Event: 0.982 Thread 0x000001db32a37540  871       4       sun.nio.ch.Util::offerFirstTemporaryDirectBuffer (53 bytes)
Event: 0.982 Thread 0x000001db32ad4bc0  872       4       sun.nio.ch.Util$BufferCache::offerFirst (73 bytes)
Event: 0.984 Thread 0x000001db32647930 nmethod 870 0x000001db22407710 code [0x000001db224078a0, 0x000001db22407958]
Event: 0.985 Thread 0x000001db32ad4bc0 nmethod 872 0x000001db22407a90 code [0x000001db22407c20, 0x000001db22407e68]
Event: 0.987 Thread 0x000001db32a37540 nmethod 871 0x000001db22407f90 code [0x000001db22408160, 0x000001db22408568]
Event: 1.078 Thread 0x000001db32a37540  873   !   4       java.lang.Thread::blockedOn (27 bytes)
Event: 1.081 Thread 0x000001db32a37540 nmethod 873 0x000001db22408910 code [0x000001db22408aa0, 0x000001db22408d80]
Event: 1.120 Thread 0x000001db32a37540  874       4       java.util.zip.Inflater::ensureOpen (47 bytes)
Event: 1.120 Thread 0x000001db32647930  875   !   4       java.util.zip.InflaterInputStream::read (129 bytes)
Event: 1.121 Thread 0x000001db32a37540 nmethod 874 0x000001db22408e10 code [0x000001db22408fa0, 0x000001db22409070]
Event: 1.121 Thread 0x000001db32a37540  876   !   4       java.util.zip.Inflater::needsInput (55 bytes)
Event: 1.123 Thread 0x000001db32a37540 nmethod 876 0x000001db22409110 code [0x000001db224092a0, 0x000001db224094f0]
Event: 1.134 Thread 0x000001db32a37540  877       4       java.lang.Math::addExact (32 bytes)
Event: 1.135 Thread 0x000001db32a37540 nmethod 877 0x000001db22409610 code [0x000001db224097a0, 0x000001db22409840]
Event: 1.142 Thread 0x000001db32a37540  878  s!   4       sun.nio.ch.ChannelOutputStream::write (145 bytes)

GC Heap History (0 events):
No events

Dll operation events (7 events):
Event: 0.026 Loaded shared library C:\Program Files\Java\jdk-21\bin\java.dll
Event: 0.130 Loaded shared library C:\Program Files\Java\jdk-21\bin\jsvml.dll
Event: 0.223 Loaded shared library C:\Program Files\Java\jdk-21\bin\jimage.dll
Event: 0.238 Loaded shared library C:\Program Files\Java\jdk-21\bin\awt.dll
Event: 0.276 Loaded shared library C:\Program Files\Java\jdk-21\bin\net.dll
Event: 0.283 Loaded shared library C:\Program Files\Java\jdk-21\bin\nio.dll
Event: 0.290 Loaded shared library C:\Program Files\Java\jdk-21\bin\zip.dll

Deoptimization events (20 events):
Event: 0.196 Thread 0x000001db107e3790 Uncommon trap: trap_request=0xffffff45 fr.pc=0x000001db223c168c relative=0x000000000000006c
Event: 0.196 Thread 0x000001db107e3790 Uncommon trap: reason=unstable_if action=reinterpret pc=0x000001db223c168c method=java.lang.String.isLatin1()Z @ 10 c2
Event: 0.196 Thread 0x000001db107e3790 DEOPT PACKING pc=0x000001db223c168c sp=0x0000004d118fe300
Event: 0.196 Thread 0x000001db107e3790 DEOPT UNPACKING pc=0x000001db21cc7da2 sp=0x0000004d118fe290 mode 2
Event: 0.196 Thread 0x000001db107e3790 Uncommon trap: trap_request=0xffffff45 fr.pc=0x000001db223c19e4 relative=0x00000000000000c4
Event: 0.196 Thread 0x000001db107e3790 Uncommon trap: reason=unstable_if action=reinterpret pc=0x000001db223c19e4 method=java.lang.String.isLatin1()Z @ 10 c2
Event: 0.196 Thread 0x000001db107e3790 DEOPT PACKING pc=0x000001db223c19e4 sp=0x0000004d118fee20
Event: 0.196 Thread 0x000001db107e3790 DEOPT UNPACKING pc=0x000001db21cc7da2 sp=0x0000004d118fed60 mode 2
Event: 0.308 Thread 0x000001db107e3790 DEOPT PACKING pc=0x000001db1a82b599 sp=0x0000004d118fcc40
Event: 0.308 Thread 0x000001db107e3790 DEOPT UNPACKING pc=0x000001db21cc88e2 sp=0x0000004d118fc060 mode 0
Event: 0.350 Thread 0x000001db107e3790 DEOPT PACKING pc=0x000001db1a8a0144 sp=0x0000004d118fd200
Event: 0.350 Thread 0x000001db107e3790 DEOPT UNPACKING pc=0x000001db21cc88e2 sp=0x0000004d118fc698 mode 0
Event: 0.527 Thread 0x000001db107e3790 Uncommon trap: trap_request=0xffffff45 fr.pc=0x000001db223df46c relative=0x000000000000004c
Event: 0.527 Thread 0x000001db107e3790 Uncommon trap: reason=unstable_if action=reinterpret pc=0x000001db223df46c method=sun.nio.fs.WindowsPathParser.isSlash(C)Z @ 9 c2
Event: 0.527 Thread 0x000001db107e3790 DEOPT PACKING pc=0x000001db223df46c sp=0x0000004d118fe890
Event: 0.527 Thread 0x000001db107e3790 DEOPT UNPACKING pc=0x000001db21cc7da2 sp=0x0000004d118fe818 mode 2
Event: 0.546 Thread 0x000001db107e3790 Uncommon trap: trap_request=0xffffff45 fr.pc=0x000001db223d71b0 relative=0x0000000000000190
Event: 0.546 Thread 0x000001db107e3790 Uncommon trap: reason=unstable_if action=reinterpret pc=0x000001db223d71b0 method=jdk.internal.util.ArraysSupport.vectorizedHashCode(Ljava/lang/Object;IIII)I @ 2 c2
Event: 0.546 Thread 0x000001db107e3790 DEOPT PACKING pc=0x000001db223d71b0 sp=0x0000004d118fe8e0
Event: 0.546 Thread 0x000001db107e3790 DEOPT UNPACKING pc=0x000001db21cc7da2 sp=0x0000004d118fe890 mode 2

Classes loaded (20 events):
Event: 0.585 Loading class sun/nio/ch/Streams
Event: 0.585 Loading class sun/nio/ch/Streams done
Event: 0.585 Loading class sun/nio/ch/SocketChannelImpl
Event: 0.585 Loading class sun/nio/ch/SelChImpl
Event: 0.585 Loading class sun/nio/ch/SelChImpl done
Event: 0.587 Loading class java/nio/channels/SocketChannel
Event: 0.587 Loading class java/nio/channels/NetworkChannel
Event: 0.587 Loading class java/nio/channels/NetworkChannel done
Event: 0.587 Loading class java/nio/channels/spi/AbstractSelectableChannel
Event: 0.587 Loading class java/nio/channels/SelectableChannel
Event: 0.587 Loading class java/nio/channels/SelectableChannel done
Event: 0.587 Loading class java/nio/channels/spi/AbstractSelectableChannel done
Event: 0.587 Loading class java/nio/channels/SocketChannel done
Event: 0.587 Loading class sun/nio/ch/SocketChannelImpl done
Event: 0.587 Loading class sun/nio/ch/ChannelOutputStream
Event: 0.587 Loading class sun/nio/ch/ChannelOutputStream done
Event: 0.624 Loading class jdk/internal/foreign/MemorySessionImpl
Event: 0.624 Loading class java/lang/foreign/MemorySegment$Scope
Event: 0.624 Loading class java/lang/foreign/MemorySegment$Scope done
Event: 0.624 Loading class jdk/internal/foreign/MemorySessionImpl done

Classes unloaded (0 events):
No events

Classes redefined (0 events):
No events

Internal exceptions (11 events):
Event: 0.209 Thread 0x000001db107e3790 Exception <a 'java/lang/ClassNotFoundException'{0x0000000713e80330}: sun/awt/resources/spi/awtProvider> (0x0000000713e80330) 
thrown [s\open\src\hotspot\share\classfile\systemDictionary.cpp, line 312]
Event: 0.251 Thread 0x000001db107e3790 Exception <a 'java/io/FileNotFoundException'{0x0000000713ee3770}> (0x0000000713ee3770) 
thrown [s\open\src\hotspot\share\prims\jni.cpp, line 520]
Event: 0.259 Thread 0x000001db107e3790 Exception <a 'java/io/FileNotFoundException'{0x0000000713f0d748}> (0x0000000713f0d748) 
thrown [s\open\src\hotspot\share\prims\jni.cpp, line 520]
Event: 0.486 Thread 0x000001db107e3790 Exception <a 'java/lang/NoSuchMethodError'{0x00000007139d8f90}: 'java.lang.Object java.lang.invoke.DirectMethodHandle$Holder.invokeStaticInit(java.lang.Object, int, int, int, int)'> (0x00000007139d8f90) 
thrown [s\open\src\hotspot\share\interpreter\linkResolver.cpp, line 773]
Event: 0.513 Thread 0x000001db107e3790 Exception <a 'java/lang/NoSuchMethodError'{0x000000071360eee8}: 'java.lang.Object java.lang.invoke.DirectMethodHandle$Holder.invokeStaticInit(java.lang.Object, java.lang.Object, int, int, int, int)'> (0x000000071360eee8) 
thrown [s\open\src\hotspot\share\interpreter\linkResolver.cpp, line 773]
Event: 0.575 Thread 0x000001db107e3790 Exception <a 'java/lang/NoSuchMethodError'{0x000000071379f4a8}: 'void java.lang.invoke.DirectMethodHandle$Holder.invokeVirtual(java.lang.Object, java.lang.Object)'> (0x000000071379f4a8) 
thrown [s\open\src\hotspot\share\interpreter\linkResolver.cpp, line 773]
Event: 0.577 Thread 0x000001db107e3790 Exception <a 'java/lang/NoSuchMethodError'{0x00000007137ae5b0}: 'java.lang.Object java.lang.invoke.DirectMethodHandle$Holder.newInvokeSpecial(java.lang.Object, java.lang.Object, java.lang.Object, java.lang.Object, java.lang.Object)'> (0x00000007137ae5b0) 
thrown [s\open\src\hotspot\share\interpreter\linkResolver.cpp, line 773]
Event: 0.579 Thread 0x000001db107e3790 Exception <a 'sun/nio/fs/WindowsException'{0x00000007137b2c50}> (0x00000007137b2c50) 
thrown [s\open\src\hotspot\share\prims\jni.cpp, line 520]
Event: 0.581 Thread 0x000001db107e3790 Exception <a 'sun/nio/fs/WindowsException'{0x00000007137b4050}> (0x00000007137b4050) 
thrown [s\open\src\hotspot\share\prims\jni.cpp, line 520]
Event: 0.590 Thread 0x000001db107e3790 Exception <a 'sun/nio/fs/WindowsException'{0x00000007137b9e48}> (0x00000007137b9e48) 
thrown [s\open\src\hotspot\share\prims\jni.cpp, line 520]
Event: 0.601 Thread 0x000001db107e3790 Exception <a 'sun/nio/fs/WindowsException'{0x00000007137c1398}> (0x00000007137c1398) 
thrown [s\open\src\hotspot\share\prims\jni.cpp, line 520]

ZGC Phase Switch (0 events):
No events

VM Operations (6 events):
Event: 0.311 Executing VM operation: HandshakeAllThreads (Deoptimize)
Event: 0.311 Executing VM operation: HandshakeAllThreads (Deoptimize) done
Event: 0.504 Executing VM operation: HandshakeAllThreads (Deoptimize)
Event: 0.504 Executing VM operation: HandshakeAllThreads (Deoptimize) done
Event: 0.522 Executing VM operation: HandshakeAllThreads (Deoptimize)
Event: 0.522 Executing VM operation: HandshakeAllThreads (Deoptimize) done

Events (20 events):
Event: 0.053 Thread 0x000001db107e3790 Thread added: 0x000001db107e3790
Event: 0.122 Thread 0x000001db326307d0 Thread added: 0x000001db326307d0
Event: 0.122 Thread 0x000001db326314f0 Thread added: 0x000001db326314f0
Event: 0.123 Thread 0x000001db326330c0 Thread added: 0x000001db326330c0
Event: 0.123 Thread 0x000001db32633da0 Thread added: 0x000001db32633da0
Event: 0.123 Thread 0x000001db32634800 Thread added: 0x000001db32634800
Event: 0.123 Thread 0x000001db32638760 Thread added: 0x000001db32638760
Event: 0.123 Thread 0x000001db32647930 Thread added: 0x000001db32647930
Event: 0.123 Thread 0x000001db3264a3e0 Thread added: 0x000001db3264a3e0
Event: 0.132 Thread 0x000001db327ed380 Thread added: 0x000001db327ed380
Event: 0.194 Thread 0x000001db328fa6a0 Thread added: 0x000001db328fa6a0
Event: 0.199 Thread 0x000001db329021e0 Thread added: 0x000001db329021e0
Event: 0.307 Thread 0x000001db32a37540 Thread added: 0x000001db32a37540
Event: 0.309 Thread 0x000001db32ad4bc0 Thread added: 0x000001db32ad4bc0
Event: 0.392 Thread 0x000001db781080c0 Thread added: 0x000001db781080c0
Event: 0.393 Thread 0x000001db78111f70 Thread added: 0x000001db78111f70
Event: 0.396 Thread 0x000001db781125e0 Thread added: 0x000001db781125e0
Event: 0.562 Thread 0x000001db78176d40 Thread added: 0x000001db78176d40
Event: 0.562 Thread 0x000001db7817c0d0 Thread added: 0x000001db7817c0d0
Event: 1.120 Thread 0x000001db32ad4bc0 Thread exited: 0x000001db32ad4bc0


Dynamic libraries:
0x00007ff675bc0000 - 0x00007ff675bd0000 	C:\Program Files\Java\jdk-21\bin\javaw.exe
0x00007ffb79b90000 - 0x00007ffb79d88000 	C:\Windows\SYSTEM32\ntdll.dll
0x00007ffb783f0000 - 0x00007ffb784ad000 	C:\Windows\System32\KERNEL32.DLL
0x00007ffb772a0000 - 0x00007ffb77596000 	C:\Windows\System32\KERNELBASE.dll
0x00007ffb34090000 - 0x00007ffb340ab000 	C:\Program Files\Java\jdk-21\bin\VCRUNTIME140.dll
0x00007ffb6a210000 - 0x00007ffb6a229000 	C:\Program Files\Java\jdk-21\bin\jli.dll
0x00007ffb77920000 - 0x00007ffb77a20000 	C:\Windows\System32\ucrtbase.dll
0x00007ffb77f40000 - 0x00007ffb77ff0000 	C:\Windows\System32\ADVAPI32.dll
0x00007ffb78e50000 - 0x00007ffb78eee000 	C:\Windows\System32\msvcrt.dll
0x00007ffb79740000 - 0x00007ffb797e0000 	C:\Windows\System32\sechost.dll
0x00007ffb785c0000 - 0x00007ffb786e5000 	C:\Windows\System32\RPCRT4.dll
0x00007ffb77240000 - 0x00007ffb77267000 	C:\Windows\System32\bcrypt.dll
0x00007ffb78250000 - 0x00007ffb783ee000 	C:\Windows\System32\USER32.dll
0x00007ffb77270000 - 0x00007ffb77292000 	C:\Windows\System32\win32u.dll
0x00007ffb660e0000 - 0x00007ffb6637a000 	C:\Windows\WinSxS\amd64_microsoft.windows.common-controls_6595b64144ccf1df_6.0.19041.3636_none_60b6a03d71f818d5\COMCTL32.dll
0x00007ffb784b0000 - 0x00007ffb784db000 	C:\Windows\System32\GDI32.dll
0x00007ffb77800000 - 0x00007ffb77917000 	C:\Windows\System32\gdi32full.dll
0x00007ffb77b20000 - 0x00007ffb77bbd000 	C:\Windows\System32\msvcp_win.dll
0x00007ffb6c640000 - 0x00007ffb6c64a000 	C:\Windows\SYSTEM32\VERSION.dll
0x00007ffb77bc0000 - 0x00007ffb77bf2000 	C:\Windows\System32\IMM32.DLL
0x000001db109e0000 - 0x000001db109f4000 	C:\Windows\System32\umppc18110.dll
0x00007ffb6a0e0000 - 0x00007ffb6a0ec000 	C:\Program Files\Java\jdk-21\bin\vcruntime140_1.dll
0x00007ffb258b0000 - 0x00007ffb2593e000 	C:\Program Files\Java\jdk-21\bin\msvcp140.dll
0x00007ffaa1260000 - 0x00007ffaa1f73000 	C:\Program Files\Java\jdk-21\bin\server\jvm.dll
0x00007ffb786f0000 - 0x00007ffb7875b000 	C:\Windows\System32\WS2_32.dll
0x00007ffb76b70000 - 0x00007ffb76bbb000 	C:\Windows\SYSTEM32\POWRPROF.dll
0x00007ffb75670000 - 0x00007ffb75697000 	C:\Windows\SYSTEM32\WINMM.dll
0x00007ffb76b20000 - 0x00007ffb76b32000 	C:\Windows\SYSTEM32\UMPDC.dll
0x00007ffb75be0000 - 0x00007ffb75bf2000 	C:\Windows\SYSTEM32\kernel.appcore.dll
0x00007ffb4da50000 - 0x00007ffb4da5a000 	C:\Program Files\Java\jdk-21\bin\jimage.dll
0x00007ffb75360000 - 0x00007ffb75544000 	C:\Windows\SYSTEM32\DBGHELP.DLL
0x00007ffb755d0000 - 0x00007ffb75604000 	C:\Windows\SYSTEM32\dbgcore.DLL
0x00007ffb77a90000 - 0x00007ffb77b12000 	C:\Windows\System32\bcryptPrimitives.dll
0x00007ffb38bc0000 - 0x00007ffb38bdf000 	C:\Program Files\Java\jdk-21\bin\java.dll
0x00007ffb78ef0000 - 0x00007ffb7965b000 	C:\Windows\System32\SHELL32.dll
0x00007ffb74ad0000 - 0x00007ffb7526e000 	C:\Windows\SYSTEM32\windows.storage.dll
0x00007ffb797e0000 - 0x00007ffb79b33000 	C:\Windows\System32\combase.dll
0x00007ffb76b40000 - 0x00007ffb76b6e000 	C:\Windows\SYSTEM32\Wldp.dll
0x00007ffb78100000 - 0x00007ffb781cd000 	C:\Windows\System32\OLEAUT32.dll
0x00007ffb78da0000 - 0x00007ffb78e4d000 	C:\Windows\System32\SHCORE.dll
0x00007ffb780a0000 - 0x00007ffb780f5000 	C:\Windows\System32\shlwapi.dll
0x00007ffb77170000 - 0x00007ffb77195000 	C:\Windows\SYSTEM32\profapi.dll
0x00007ffb1e1f0000 - 0x00007ffb1e2c7000 	C:\Program Files\Java\jdk-21\bin\jsvml.dll
0x00007ffad04d0000 - 0x00007ffad065f000 	C:\Program Files\Java\jdk-21\bin\awt.dll
0x00007ffb73d50000 - 0x00007ffb73de0000 	C:\Windows\SYSTEM32\apphelp.dll
0x00007ffb4da40000 - 0x00007ffb4da50000 	C:\Program Files\Java\jdk-21\bin\net.dll
0x00007ffb715c0000 - 0x00007ffb716ca000 	C:\Windows\SYSTEM32\WINHTTP.dll
0x00007ffb76900000 - 0x00007ffb7696a000 	C:\Windows\system32\mswsock.dll
0x00007ffb38ba0000 - 0x00007ffb38bb6000 	C:\Program Files\Java\jdk-21\bin\nio.dll
0x00007ffb38b80000 - 0x00007ffb38b98000 	C:\Program Files\Java\jdk-21\bin\zip.dll
0x00007ffb741b0000 - 0x00007ffb7424e000 	C:\Windows\system32\uxtheme.dll
0x00007ffb77c00000 - 0x00007ffb77d15000 	C:\Windows\System32\MSCTF.dll
0x00007ffb77d20000 - 0x00007ffb77e4b000 	C:\Windows\System32\ole32.dll
0x00007ffb74310000 - 0x00007ffb7433f000 	C:\Windows\system32\DWMAPI.DLL
0x00007ffb3a970000 - 0x00007ffb3aa95000 	C:\Windows\system32\opengl32.dll
0x00007ffb3a940000 - 0x00007ffb3a96c000 	C:\Windows\SYSTEM32\GLU32.dll
0x00007ffb76bd0000 - 0x00007ffb76be8000 	C:\Windows\SYSTEM32\CRYPTSP.dll
0x00007ffb761e0000 - 0x00007ffb76214000 	C:\Windows\system32\rsaenh.dll
0x00007ffb77130000 - 0x00007ffb7715e000 	C:\Windows\SYSTEM32\USERENV.dll
0x00007ffb76a90000 - 0x00007ffb76a9c000 	C:\Windows\SYSTEM32\CRYPTBASE.dll
0x00007ffb76600000 - 0x00007ffb7663b000 	C:\Windows\SYSTEM32\IPHLPAPI.DLL
0x00007ffb79b40000 - 0x00007ffb79b48000 	C:\Windows\System32\NSI.dll

dbghelp: loaded successfully - version: 4.0.5 - missing functions: none
symbol engine: initialized successfully - sym options: 0x614 - pdb path: .;C:\Program Files\Java\jdk-21\bin;C:\Windows\SYSTEM32;C:\Windows\WinSxS\amd64_microsoft.windows.common-controls_6595b64144ccf1df_6.0.19041.3636_none_60b6a03d71f818d5;C:\Program Files\Java\jdk-21\bin\server

VM Arguments:
jvm_args: -Dfile.encoding=UTF-8 -Dstdout.encoding=UTF-8 -Dstderr.encoding=UTF-8 -XX:+ShowCodeDetailsInExceptionMessages 
java_command: com.wright.firstClass
java_class_path (initial): E:\Eclipse\com.wright\target\test-classes;E:\Eclipse\com.wright\target\classes;C:\Users\vasif-19328\.m2\repository\com\microsoft\playwright\playwright\1.41.2\playwright-1.41.2.jar;C:\Users\vasif-19328\.m2\repository\com\google\code\gson\gson\2.8.9\gson-2.8.9.jar;C:\Users\vasif-19328\.m2\repository\org\opentest4j\opentest4j\1.2.0\opentest4j-1.2.0.jar;C:\Users\vasif-19328\.m2\repository\com\microsoft\playwright\driver\1.41.2\driver-1.41.2.jar;C:\Users\vasif-19328\.m2\repository\com\microsoft\playwright\driver-bundle\1.41.2\driver-bundle-1.41.2.jar;C:\Users\vasif-19328\.m2\repository\org\seleniumhq\selenium\selenium-java\3.141.59\selenium-java-3.141.59.jar;C:\Users\vasif-19328\.m2\repository\org\seleniumhq\selenium\selenium-api\3.141.59\selenium-api-3.141.59.jar;C:\Users\vasif-19328\.m2\repository\org\seleniumhq\selenium\selenium-chrome-driver\3.141.59\selenium-chrome-driver-3.141.59.jar;C:\Users\vasif-19328\.m2\repository\org\seleniumhq\selenium\selenium-edge-driver\3.141.59\selenium-edge-driver-3.141.59.jar;C:\Users\vasif-19328\.m2\repository\org\seleniumhq\selenium\selenium-firefox-driver\3.141.59\selenium-firefox-driver-3.141.59.jar;C:\Users\vasif-19328\.m2\repository\org\seleniumhq\selenium\selenium-ie-driver\3.141.59\selenium-ie-driver-3.141.59.jar;C:\Users\vasif-19328\.m2\repository\org\seleniumhq\selenium\selenium-opera-driver\3.141.59\selenium-opera-driver-3.141.59.jar;C:\Users\vasif-19328\.m2\repository\org\seleniumhq\selenium\selenium-remote-driver\3.141.59\selenium-remote-driver-3.141.59.jar;C:\Users\vasif-19328\.m2\repository\org\seleniumhq\selenium\selenium-safari-driver\3.141.59\selenium-safari-driver-3.141.59.jar;C:\Users\vasif-19328\.m2\repository\org\seleniumhq\selenium\selenium-support\3.141.59\selenium-support-3.141.59.jar;C:\Users\vasif-19328\.m2\repository\net\bytebuddy\byte-buddy\1.8.15\byte-buddy-1.8.15.jar;C:\Users\vasif-19328\.m2\repository\org\apache\commons\commons-exec\1.3\commons-exec-1.3.jar;C:\Users\vasif-19328\.m2\repository\com\google\guava\guava\25.0-jre\guava-25.0-jre.jar;C:\Users\vasif-19328\.m2\repository\com\google\code\findbugs\jsr305\1.3.9\jsr305-1.3.9.jar;C:\Users\vasif-19328\.m2\repository\org\checkerframework\checker-compat-qual\2.0.0\checker-compat-qual-2.0.0.jar;C:\Users\vasif-19328\.m2\repository\com\google\errorprone\error_prone_annotations\2.1.3\error_prone_annotations-2.1.3.jar;C:\Users\vasif-19328\.m2\repository\com\google\j2objc\j2objc-annotations\1.1\j2objc-annotations-1.1.jar;C:\Users\vasif-19328\.m2\repository\org\codehaus\mojo\animal-sniffer-annotations\1.14\animal-sniffer-annotations-1.14.jar;C:\Users\vasif-19328\.m2\repository\com\squareup\okhttp3\okhttp\3.11.0\okhttp-3.11.0.jar;C:\Users\vasif-19328\.m2\repository\com\squareup\okio\okio\1.14.0\okio-1.14.0.jar;C:\Users\vasif-19328\.m2\repository\io\github\bonigarcia\webdrivermanager\5.5.3\webdrivermanager-5.5.3.jar;C:\Users\vasif-19328\.m2\repository\org\slf4j\slf4j-api\2.0.7\slf4j-api-2.0.7.jar;C:\Users\vasif-19328\.m2\repository\com\github\docker-java\docker-java\3.3.3\docker-java-3.3.3.jar;C:\Users\vasif-19328\.m2\repository\com\github\docker-java\docker-java-core\3.3.3\docker-java-core-3.3.3.jar;C:\Users\vasif-19328\.m2\repository\com\github\docker-java\docker-java-api\3.3.3\docker-java-api-3.3.3.jar;C:\Users\vasif-19328\.m2\repository\com\fasterxml\jackson\core\jackson-annotations\2.10.3\jackson-annotations-2.10.3.jar;C:\Users\vasif-19328\.m2\repository\commons-io\commons-io\2.6\commons-io-2.6.jar;C:\Users\vasif-19328\.m2\repository\org\apache\commons\commons-compress\1.21\commons-compress-1.21.jar;C:\Users\vasif-19328\.m2\repository\com\fasterxml\jackson\core\jackson-databind\2.10.3\jackson-databind-2.10.3.jar;C:\Users\vasif-19328\.m2\repository\com\fasterxml\jackson\core\jackson-core\2.10.3\jackson-core-2.10.3.jar;C:\Users\vasif-19328\.m2\repository\org\bouncycastle\bcpkix-jdk18on\1.75\bcpkix-jdk18on-1.75.jar;C:\Users\vasif-19328\.m2\repository\org\bouncycastle\bcprov-jdk18on\1.75\bcprov-jdk18on-1.75.jar;C:\Users\vasif-19328\.m2\repository\org\bouncycastle\bcutil-jdk18on\1.75\bcutil-jdk18on-1.75.jar;C:\Users\vasif-19328\.m2\repository\org\slf4j\jcl-over-slf4j\1.7.30\jcl-over-slf4j-1.7.30.jar;C:\Users\vasif-19328\.m2\repository\com\github\docker-java\docker-java-transport-httpclient5\3.3.3\docker-java-transport-httpclient5-3.3.3.jar;C:\Users\vasif-19328\.m2\repository\com\github\docker-java\docker-java-transport\3.3.3\docker-java-transport-3.3.3.jar;C:\Users\vasif-19328\.m2\repository\net\java\dev\jna\jna\5.12.1\jna-5.12.1.jar;C:\Users\vasif-19328\.m2\repository\org\brotli\dec\0.1.2\dec-0.1.2.jar;C:\Users\vasif-19328\.m2\repository\org\apache\commons\commons-lang3\3.13.0\commons-lang3-3.13.0.jar;C:\Users\vasif-19328\.m2\repository\org\apache\httpcomponents\client5\httpclient5\5.2.1\httpclient5-5.2.1.jar;C:\Users\vasif-19328\.m2\repository\org\apache\httpcomponents\core5\httpcore5\5.2\httpcore5-5.2.jar;C:\Users\vasif-19328\.m2\repository\org\apache\httpcomponents\core5\httpcore5-h2\5.2\httpcore5-h2-5.2.jar;C:\Users\vasif-19328\.m2\repository\org\apache\logging\log4j\log4j-core\2.8.2\log4j-core-2.8.2.jar;C:\Users\vasif-19328\.m2\repository\org\apache\logging\log4j\log4j-api\2.8.2\log4j-api-2.8.2.jar
Launcher Type: SUN_STANDARD

[Global flags]
     intx CICompilerCount                          = 12                                        {product} {ergonomic}
     uint ConcGCThreads                            = 3                                         {product} {ergonomic}
     uint G1ConcRefinementThreads                  = 13                                        {product} {ergonomic}
   size_t G1HeapRegionSize                         = 2097152                                   {product} {ergonomic}
    uintx GCDrainStackTargetSize                   = 64                                        {product} {ergonomic}
   size_t InitialHeapSize                          = 264241152                                 {product} {ergonomic}
   size_t MarkStackSize                            = 4194304                                   {product} {ergonomic}
   size_t MaxHeapSize                              = 4221566976                                {product} {ergonomic}
   size_t MaxNewSize                               = 2531262464                                {product} {ergonomic}
   size_t MinHeapDeltaBytes                        = 2097152                                   {product} {ergonomic}
   size_t MinHeapSize                              = 8388608                                   {product} {ergonomic}
    uintx NonNMethodCodeHeapSize                   = 7602480                                {pd product} {ergonomic}
    uintx NonProfiledCodeHeapSize                  = 122027880                              {pd product} {ergonomic}
    uintx ProfiledCodeHeapSize                     = 122027880                              {pd product} {ergonomic}
    uintx ReservedCodeCacheSize                    = 251658240                              {pd product} {ergonomic}
     bool SegmentedCodeCache                       = true                                      {product} {ergonomic}
     bool ShowCodeDetailsInExceptionMessages       = true                                   {manageable} {command line}
   size_t SoftMaxHeapSize                          = 4221566976                             {manageable} {ergonomic}
     bool UseCompressedOops                        = true                           {product lp64_product} {ergonomic}
     bool UseG1GC                                  = true                                      {product} {ergonomic}
     bool UseLargePagesIndividualAllocation        = false                                  {pd product} {ergonomic}

Logging:
Log output configuration:
 #0: stdout all=warning uptime,level,tags foldmultilines=false
 #1: stderr all=off uptime,level,tags foldmultilines=false

Environment Variables:
JAVA_HOME=C:\Program Files\Java\jdk-21
PATH=C:/Program Files/Java/jdk-21/bin/server;C:/Program Files/Java/jdk-21/bin;C:\Python312\Scripts\;C:\Python312\;C:\Program Files\Java\jdk-21\bin;C:\Program Files (x86)\Common Files\Oracle\Java\javapath;C:\Windows\system32;C:\Windows;C:\Windows\System32\Wbem;C:\Windows\System32\WindowsPowerShell\v1.0\;C:\Windows\System32\OpenSSH\;C:\Program Files\dotnet\;C:\Program Files\Common Files\Oracle\Java\javapath;D:\Custom BAT Files;C:\UnxUtils\bin;C:\UnxUtils\usr\local\wbin;C:\Program Files (x86)\Microsoft SQL Server\160\Tools\Binn\;C:\Program Files\Microsoft SQL Server\160\Tools\Binn\;C:\Program Files\Microsoft SQL Server\Client SDK\ODBC\170\Tools\Binn\;C:\Program Files\Microsoft SQL Server\160\DTS\Binn\;C:\Program Files\Azure Data Studio\bin;C:\Program Files (x86)\PowerShell\7\;C:\Program Files\PuTTY\;C:\ProgramData\chocolatey\bin;C:\Program Files (x86)\Microsoft SQL Server\160\DTS\Binn\;C:\Users\vasif-19328\AppData\Local\Microsoft\WindowsApps;;C:\Program Files\Azure Data Studio\bin;C:\Windows\system32;
USERNAME=vasif-19328
OS=Windows_NT
PROCESSOR_IDENTIFIER=Intel64 Family 6 Model 141 Stepping 1, GenuineIntel
TMP=C:\Users\VASIF-~1\AppData\Local\Temp
TEMP=C:\Users\VASIF-~1\AppData\Local\Temp




---------------  S Y S T E M  ---------------

OS:
 Windows 10 , 64 bit Build 19041 (10.0.19041.3636)
OS uptime: 10 days 3:14 hours
Hyper-V role detected

CPU: total 16 (initial active 16) (8 cores per cpu, 2 threads per core) family 6 model 141 stepping 1 microcode 0x4e, cx8, cmov, fxsr, ht, mmx, 3dnowpref, sse, sse2, sse3, ssse3, sse4.1, sse4.2, popcnt, lzcnt, tsc, tscinvbit, avx, avx2, aes, erms, clmul, bmi1, bmi2, adx, avx512f, avx512dq, avx512cd, avx512bw, avx512vl, sha, fma, vzeroupper, avx512_vpopcntdq, avx512_vpclmulqdq, avx512_vaes, avx512_vnni, clflush, clflushopt, clwb, avx512_vbmi2, avx512_vbmi, hv, rdtscp, rdpid, fsrm, gfni, avx512_bitalg, f16c, cet_ibt, cet_ss, avx512_ifma
Processor Information for processor 0
  Max Mhz: 2496, Current Mhz: 1497, Mhz Limit: 2496
Processor Information for processor 1
  Max Mhz: 2496, Current Mhz: 1497, Mhz Limit: 2496
Processor Information for processor 2
  Max Mhz: 2496, Current Mhz: 2496, Mhz Limit: 2496
Processor Information for processor 3
  Max Mhz: 2496, Current Mhz: 2496, Mhz Limit: 2496
Processor Information for processor 4
  Max Mhz: 2496, Current Mhz: 2496, Mhz Limit: 2496
Processor Information for processor 5
  Max Mhz: 2496, Current Mhz: 1497, Mhz Limit: 2496
Processor Information for processor 6
  Max Mhz: 2496, Current Mhz: 2496, Mhz Limit: 2496
Processor Information for processor 7
  Max Mhz: 2496, Current Mhz: 1497, Mhz Limit: 2496
Processor Information for processor 8
  Max Mhz: 2496, Current Mhz: 2496, Mhz Limit: 2496
Processor Information for processor 9
  Max Mhz: 2496, Current Mhz: 1497, Mhz Limit: 2496
Processor Information for processor 10
  Max Mhz: 2496, Current Mhz: 1497, Mhz Limit: 2496
Processor Information for processor 11
  Max Mhz: 2496, Current Mhz: 2496, Mhz Limit: 2496
Processor Information for processor 12
  Max Mhz: 2496, Current Mhz: 1497, Mhz Limit: 2496
Processor Information for processor 13
  Max Mhz: 2496, Current Mhz: 2496, Mhz Limit: 2496
Processor Information for processor 14
  Max Mhz: 2496, Current Mhz: 2496, Mhz Limit: 2496
Processor Information for processor 15
  Max Mhz: 2496, Current Mhz: 1497, Mhz Limit: 2496

Memory: 4k page, system-wide physical 16103M (848M free)
TotalPageFile size 45554M (AvailPageFile size 0M)
current process WorkingSet (physical memory assigned to process): 66M, peak: 66M
current process commit charge ("private bytes"): 364M, peak: 365M

vm_info: Java HotSpot(TM) 64-Bit Server VM (21+35-LTS-2513) for windows-amd64 JRE (21+35-LTS-2513), built on 2023-08-09T20:25:10Z by "mach5one" with MS VC++ 17.1 (VS2022)

END.
