#
# A fatal error has been detected by the Java Runtime Environment:
#
#  EXCEPTION_ACCESS_VIOLATION (0xc0000005) at pc=0x00007ffad05ab1b9, pid=48732, tid=61688
#
# JRE version: Java(TM) SE Runtime Environment (21.0+35) (build 21+35-LTS-2513)
# Java VM: Java HotSpot(TM) 64-Bit Server VM (21+35-LTS-2513, mixed mode, sharing, tiered, compressed oops, compressed class ptrs, g1 gc, windows-amd64)
# Problematic frame:
# C  [awt.dll+0xdb1b9]
#
# No core dump will be written. Minidumps are not enabled by default on client versions of Windows
#
# If you would like to submit a bug report, please visit:
#   https://bugreport.java.com/bugreport/crash.jsp
# The crash happened outside the Java Virtual Machine in native code.
# See problematic frame for where to report the bug.
#

---------------  S U M M A R Y ------------

Command Line: -Dfile.encoding=UTF-8 -Dstdout.encoding=UTF-8 -Dstderr.encoding=UTF-8 -XX:+ShowCodeDetailsInExceptionMessages com.wright.firstClass

Host: 11th Gen Intel(R) Core(TM) i7-11850H @ 2.50GHz, 16 cores, 15G,  Windows 10 , 64 bit Build 19041 (10.0.19041.3636)
Time: Tue Apr  2 10:29:01 2024 India Standard Time elapsed time: 421875.161874 seconds (4d 21h 11m 15s)

---------------  T H R E A D  ---------------

Current thread (0x000001ed64914ef0):  JavaThread "AWT-EventQueue-0"        [_thread_in_native, id=61688, stack(0x000000d5c6f00000,0x000000d5c7000000) (1024K)]

Stack: [0x000000d5c6f00000,0x000000d5c7000000],  sp=0x000000d5c6ffea70,  free space=1018k
Native frames: (J=compiled Java code, j=interpreted, Vv=VM code, C=native code)
C  [awt.dll+0xdb1b9]

Java frames: (J=compiled Java code, j=interpreted, Vv=VM code)
j  sun.awt.Win32GraphicsConfig.getBounds(I)Ljava/awt/Rectangle;+0 java.desktop@21
j  sun.awt.Win32GraphicsConfig.getBounds()Ljava/awt/Rectangle;+8 java.desktop@21
j  sun.awt.Win32GraphicsDevice.displayChanged()V+23 java.desktop@21
j  sun.awt.Win32GraphicsEnvironment.displayChanged()V+271 java.desktop@21
j  sun.awt.windows.WToolkit.lambda$displayChanged$4()V+15 java.desktop@21
j  sun.awt.windows.WToolkit$$Lambda+0x000001ed010cc178.run()V+0 java.desktop@21
j  java.awt.event.InvocationEvent.dispatch()V+47 java.desktop@21
j  java.awt.EventQueue.dispatchEventImpl(Ljava/awt/AWTEvent;Ljava/lang/Object;)V+21 java.desktop@21
j  java.awt.EventQueue$4.run()Ljava/lang/Void;+32 java.desktop@21
j  java.awt.EventQueue$4.run()Ljava/lang/Object;+1 java.desktop@21
J 1904 c1 java.security.AccessController.executePrivileged(Ljava/security/PrivilegedAction;Ljava/security/AccessControlContext;Ljava/lang/Class;)Ljava/lang/Object; java.base@21 (65 bytes) @ 0x000001ed4c89f7d4 [0x000001ed4c89f660+0x0000000000000174]
j  java.security.AccessController.doPrivileged(Ljava/security/PrivilegedAction;Ljava/security/AccessControlContext;)Ljava/lang/Object;+13 java.base@21
j  java.security.ProtectionDomain$JavaSecurityAccessImpl.doIntersectionPrivilege(Ljava/security/PrivilegedAction;Ljava/security/AccessControlContext;Ljava/security/AccessControlContext;)Ljava/lang/Object;+18 java.base@21
j  java.awt.EventQueue.dispatchEvent(Ljava/awt/AWTEvent;)V+46 java.desktop@21
j  java.awt.EventDispatchThread.pumpOneEventForFilters(I)V+81 java.desktop@21
j  java.awt.EventDispatchThread.pumpEventsForFilter(ILjava/awt/Conditional;Ljava/awt/EventFilter;)V+35 java.desktop@21
j  java.awt.EventDispatchThread.pumpEventsForHierarchy(ILjava/awt/Conditional;Ljava/awt/Component;)V+11 java.desktop@21
j  java.awt.EventDispatchThread.pumpEvents(ILjava/awt/Conditional;)V+4 java.desktop@21
j  java.awt.EventDispatchThread.pumpEvents(Ljava/awt/Conditional;)V+3 java.desktop@21
j  java.awt.EventDispatchThread.run()V+9 java.desktop@21
v  ~StubRoutines::call_stub 0x000001ed539410e7

siginfo: EXCEPTION_ACCESS_VIOLATION (0xc0000005), reading address 0x0000000000000028


Registers:
RAX=0x0000000000000000, RBX=0x000001ed6457e560, RCX=0x0000000000000000, RDX=0x0000000000000000
RSP=0x000000d5c6ffea70, RBP=0x0000000000000000, RSI=0x0000000000000000, RDI=0x0000000000000000
R8 =0x0000000000000001, R9 =0x0000000000000004, R10=0x000001ed6968bbe0, R11=0x000001ed651eea70
R12=0x0000000000000000, R13=0x000001ed691f73b0, R14=0x000001ed64698250, R15=0x0000000000000000
RIP=0x00007ffad05ab1b9, EFLAGS=0x0000000000010246


Register to memory mapping:

RAX=0x0 is null
RBX=0x000001ed6457e560 points into unknown readable memory: 0x000001ed69892a30 | 30 2a 89 69 ed 01 00 00
RCX=0x0 is null
RDX=0x0 is null
RSP=0x000000d5c6ffea70 is pointing into the stack for thread: 0x000001ed64914ef0
RBP=0x0 is null
RSI=0x0 is null
RDI=0x0 is null
R8 =0x0000000000000001 is an unknown value
R9 =0x0000000000000004 is an unknown value
R10=0x000001ed6968bbe0 points into unknown readable memory: 0x0000001e00000003 | 03 00 00 00 1e 00 00 00
R11={method} {0x000001ed651eea78} '<init>' '(IIII)V' in 'java/awt/Rectangle'
R12=0x0 is null
R13=0x000001ed691f73b0 points into unknown readable memory: 0x000001ed651eea70 | 70 ea 1e 65 ed 01 00 00
R14=0x000001ed64698250 points into unknown readable memory: 0x00000007046cef68 | 68 ef 6c 04 07 00 00 00
R15=0x0 is null

Top of Stack: (sp=0x000000d5c6ffea70)
0x000000d5c6ffea70:   00007ffad060a838 000001ed6457e560
0x000000d5c6ffea80:   000001ed6457e560 000000000000068a
0x000000d5c6ffea90:   000001ed649152a8 00007ffad05aa548
0x000000d5c6ffeaa0:   000001ed6457e560 000001ed6457e560
0x000000d5c6ffeab0:   000000000000068a 000001ed649152a8
0x000000d5c6ffeac0:   00000007046d0440 000001ed651dfd88
0x000000d5c6ffead0:   0000000000000000 000000d5c6ffeaf0
0x000000d5c6ffeae0:   0000000000000000 0000000000000000
0x000000d5c6ffeaf0:   0000b3b1ae6b2a2b 00000007046d5fb8
0x000000d5c6ffeb00:   000001ed64914ef0 000000d5c6ffebe8
0x000000d5c6ffeb10:   000001ed651ea7d8 0000000000000000
0x000000d5c6ffeb20:   000001ed651f8660 000000000000068a
0x000000d5c6ffeb30:   000000d5c6ffebc0 000001ed5394cf0b
0x000000d5c6ffeb40:   000000d5c6ffeb58 000001ed651ea7d8
0x000000d5c6ffeb50:   000001ed53948846 0000000000000000
0x000000d5c6ffeb60:   00000007046d5fb8 0000000711e7f710
0x000000d5c6ffeb70:   0000000711e7f710 000000d5c6ffeb78
0x000000d5c6ffeb80:   0000000000000000 0000000000000005
0x000000d5c6ffeb90:   000001ed651ecb40 0000000000000000
0x000000d5c6ffeba0:   00000007046d0b28 000001ed651ea7d8
0x000000d5c6ffebb0:   0000000000000000 000000d5c6ffebe0
0x000000d5c6ffebc0:   000000d5c6ffec38 000001ed539489b8
0x000000d5c6ffebd0:   0000000000000000 000001ed5394a39a
0x000000d5c6ffebe0:   0000000000000000 0000000711e7f710
0x000000d5c6ffebf0:   000000d5c6ffebf0 000001ed651ea880
0x000000d5c6ffec00:   0000000000000002 000001ed651ecb40
0x000000d5c6ffec10:   0000000000000000 00000007046d0b28
0x000000d5c6ffec20:   000001ed651ea898 000000d5c6ffebe0
0x000000d5c6ffec30:   000000d5c6ffec48 000000d5c6ffec98
0x000000d5c6ffec40:   000001ed539489b8 0000000711e7f710
0x000000d5c6ffec50:   000000d5c6ffec50 000001ed651dfbdf
0x000000d5c6ffec60:   0000000000000003 000001ed651e0ba8 

Instructions: (pc=0x00007ffad05ab1b9)
0x00007ffad05ab0b9:   cc cc cc cc cc cc cc 48 89 5c 24 08 48 89 6c 24
0x00007ffad05ab0c9:   10 48 89 74 24 18 57 48 83 ec 20 41 8b f8 0f b6
0x00007ffad05ab0d9:   f2 48 8b e9 e8 8e ce f4 ff 48 8b d8 48 89 44 24
0x00007ffad05ab0e9:   48 41 b8 01 00 00 00 8b d7 48 8b c8 e8 f6 cd f4
0x00007ffad05ab0f9:   ff 48 8b c8 44 0f b6 c6 48 8b d5 e8 97 fa ff ff
0x00007ffad05ab109:   48 8b f8 48 8b cb e8 5c cf f4 ff 90 48 8b c7 48
0x00007ffad05ab119:   8b 5c 24 30 48 8b 6c 24 38 48 8b 74 24 40 48 83
0x00007ffad05ab129:   c4 20 5f c3 cc cc cc 48 8b 49 28 e9 37 07 00 00
0x00007ffad05ab139:   cc cc cc cc cc cc cc 48 89 5c 24 08 57 48 83 ec
0x00007ffad05ab149:   20 8b f9 e8 1f ce f4 ff 48 8b d8 48 89 44 24 38
0x00007ffad05ab159:   41 b8 01 00 00 00 8b d7 48 8b c8 e8 87 cd f4 ff
0x00007ffad05ab169:   48 8b 08 8b 39 48 8b cb e8 fa ce f4 ff 90 8b c7
0x00007ffad05ab179:   48 8b 5c 24 30 48 83 c4 20 5f c3 cc cc cc cc cc
0x00007ffad05ab189:   cc cc cc cc cc cc cc 48 89 5c 24 08 57 48 83 ec
0x00007ffad05ab199:   20 8b f9 e8 cf cd f4 ff 48 8b d8 48 89 44 24 38
0x00007ffad05ab1a9:   41 b8 01 00 00 00 8b d7 48 8b c8 e8 37 cd f4 ff
0x00007ffad05ab1b9:   48 8b 78 28 48 8b cb e8 ab ce f4 ff 90 48 8b c7
0x00007ffad05ab1c9:   48 8b 5c 24 30 48 83 c4 20 5f c3 cc cc cc cc cc
0x00007ffad05ab1d9:   cc cc cc cc cc cc cc 48 89 5c 24 08 57 48 83 ec
0x00007ffad05ab1e9:   20 8b f9 e8 7f cd f4 ff 48 8b d8 48 89 44 24 38
0x00007ffad05ab1f9:   41 b8 01 00 00 00 8b d7 48 8b c8 e8 e7 cc f4 ff
0x00007ffad05ab209:   48 8b 78 30 48 8b cb e8 5b ce f4 ff 90 48 8b c7
0x00007ffad05ab219:   48 8b 5c 24 30 48 83 c4 20 5f c3 cc cc cc cc cc
0x00007ffad05ab229:   cc cc cc cc cc cc cc 48 89 5c 24 08 57 48 83 ec
0x00007ffad05ab239:   20 8b f9 e8 2f cd f4 ff 48 8b d8 48 89 44 24 38
0x00007ffad05ab249:   41 b8 01 00 00 00 8b d7 48 8b c8 e8 97 cc f4 ff
0x00007ffad05ab259:   48 8b 78 08 48 85 ff 74 07 48 8b bf 08 0c 00 00
0x00007ffad05ab269:   48 8b cb e8 ff cd f4 ff 90 48 8b c7 48 8b 5c 24
0x00007ffad05ab279:   30 48 83 c4 20 5f c3 f3 0f 10 41 48 c3 cc cc cc
0x00007ffad05ab289:   cc cc cc cc cc cc cc f3 0f 10 41 4c c3 cc cc cc
0x00007ffad05ab299:   cc cc cc cc cc cc cc 48 89 5c 24 10 48 89 6c 24
0x00007ffad05ab2a9:   18 48 89 74 24 20 57 48 81 ec 20 01 00 00 48 8b 


Stack slot to memory mapping:

stack at sp + 0 slots: 0x00007ffad060a838 awt.dll
stack at sp + 1 slots: 0x000001ed6457e560 points into unknown readable memory: 0x000001ed69892a30 | 30 2a 89 69 ed 01 00 00
stack at sp + 2 slots: 0x000001ed6457e560 points into unknown readable memory: 0x000001ed69892a30 | 30 2a 89 69 ed 01 00 00
stack at sp + 3 slots: 0x000000000000068a is an unknown value
stack at sp + 4 slots: 0x000001ed649152a8 points into unknown readable memory: 0x00007ffaa1e1a600 | 00 a6 e1 a1 fa 7f 00 00
stack at sp + 5 slots: 0x00007ffad05aa548 awt.dll
stack at sp + 6 slots: 0x000001ed6457e560 points into unknown readable memory: 0x000001ed69892a30 | 30 2a 89 69 ed 01 00 00
stack at sp + 7 slots: 0x000001ed6457e560 points into unknown readable memory: 0x000001ed69892a30 | 30 2a 89 69 ed 01 00 00


Compiled method (c1) 421875234 1904       3       java.security.AccessController::executePrivileged (65 bytes)
 total in heap  [0x000001ed4c89f490,0x000001ed4c89fa98] = 1544
 relocation     [0x000001ed4c89f5f0,0x000001ed4c89f658] = 104
 main code      [0x000001ed4c89f660,0x000001ed4c89f920] = 704
 stub code      [0x000001ed4c89f920,0x000001ed4c89f978] = 88
 metadata       [0x000001ed4c89f978,0x000001ed4c89f988] = 16
 scopes data    [0x000001ed4c89f988,0x000001ed4c89fa00] = 120
 scopes pcs     [0x000001ed4c89fa00,0x000001ed4c89fa80] = 128
 dependencies   [0x000001ed4c89fa80,0x000001ed4c89fa88] = 8
 nul chk table  [0x000001ed4c89fa88,0x000001ed4c89fa98] = 16

[Constant Pool (empty)]

[MachCode]
[Verified Entry Point]
  # {method} {0x000001ed00478468} 'executePrivileged' '(Ljava/security/PrivilegedAction;Ljava/security/AccessControlContext;Ljava/lang/Class;)Ljava/lang/Object;' in 'java/security/AccessController'
  # parm0:    rdx:rdx   = 'java/security/PrivilegedAction'
  # parm1:    r8:r8     = 'java/security/AccessControlContext'
  # parm2:    r9:r9     = 'java/lang/Class'
  #           [sp+0x50]  (sp of caller)
  0x000001ed4c89f660: 8984 2400 | 80ff ff55 | 4883 ec40 | 4181 7f20 | 0100 0000 

  0x000001ed4c89f674: ;   {runtime_call StubRoutines (final stubs)}
  0x000001ed4c89f674: 7405 e805 | 670d 074c | 8944 2430 

  0x000001ed4c89f680: ;   {metadata(method data for {method} {0x000001ed00478468} 'executePrivileged' '(Ljava/security/PrivilegedAction;Ljava/security/AccessControlContext;Ljava/lang/Class;)Ljava/lang/Object;' in 'java/security/AccessController')}
  0x000001ed4c89f680: 48be 90f0 | 0565 ed01 | 0000 8bbe | cc00 0000 | 83c7 0289 | becc 0000 | 0081 e7fe | 0700 0083 
  0x000001ed4c89f6a0: ff00 0f84 | d001 0000 | 4983 f800 

  0x000001ed4c89f6ac: ;   {metadata(method data for {method} {0x000001ed00478468} 'executePrivileged' '(Ljava/security/PrivilegedAction;Ljava/security/AccessControlContext;Ljava/lang/Class;)Ljava/lang/Object;' in 'java/security/AccessController')}
  0x000001ed4c89f6ac: 48be 90f0 | 0565 ed01 | 0000 48bf | 1001 0000 | 0000 0000 | 0f84 0a00 | 0000 48bf | 2001 0000 
  0x000001ed4c89f6cc: 0000 0000 | 488b 1c3e | 488d 5b01 | 4889 1c3e | 4c89 4c24 | 2848 8954 | 2420 0f84 | 2800 0000 
  0x000001ed4c89f6ec: ;   {metadata(method data for {method} {0x000001ed00478468} 'executePrivileged' '(Ljava/security/PrivilegedAction;Ljava/security/AccessControlContext;Ljava/lang/Class;)Ljava/lang/Object;' in 'java/security/AccessController')}
  0x000001ed4c89f6ec: 48be 90f0 | 0565 ed01 | 0000 4883 | 8630 0100 | 0001 498b | d066 0f1f 

  0x000001ed4c89f704: ;   {static_call}
  0x000001ed4c89f704: 4400 00e8 

  0x000001ed4c89f708: ; ImmutableOopMap {[32]=Oop [40]=Oop [48]=Oop }
                      ;*invokestatic ensureMaterializedForStackWalk {reexecute=0 rethrow=0 return_oop=0}
                      ; - java.security.AccessController::executePrivileged@5 (line 774)
  0x000001ed4c89f708: 2802 0000 

  0x000001ed4c89f70c: ;   {other}
  0x000001ed4c89f70c: 0f1f 8400 | 7c02 0000 

  0x000001ed4c89f714: ;   {metadata(method data for {method} {0x000001ed00478468} 'executePrivileged' '(Ljava/security/PrivilegedAction;Ljava/security/AccessControlContext;Ljava/lang/Class;)Ljava/lang/Object;' in 'java/security/AccessController')}
  0x000001ed4c89f714: 48ba 90f0 | 0565 ed01 | 0000 ff82 | 4001 0000 | 488b 5424 | 2048 3b02 

  0x000001ed4c89f72c: ;   {metadata(method data for {method} {0x000001ed00478468} 'executePrivileged' '(Ljava/security/PrivilegedAction;Ljava/security/AccessControlContext;Ljava/lang/Class;)Ljava/lang/Object;' in 'java/security/AccessController')}
  0x000001ed4c89f72c: 488b f248 | bf90 f005 | 65ed 0100 | 008b 7608 | 49ba 0000 | 0000 ed01 | 0000 4903 | f248 3bb7 
  0x000001ed4c89f74c: b001 0000 | 750d 4883 | 87b8 0100 | 0001 e960 | 0000 0048 | 3bb7 c001 | 0000 750d | 4883 87c8 
  0x000001ed4c89f76c: 0100 0001 | e94a 0000 | 0048 83bf | b001 0000 | 0075 1748 | 89b7 b001 | 0000 48c7 | 87b8 0100 
  0x000001ed4c89f78c: 0001 0000 | 00e9 2900 | 0000 4883 | bfc0 0100 | 0000 7517 | 4889 b7c0 | 0100 0048 | c787 c801 
  0x000001ed4c89f7ac: 0000 0100 | 0000 e908 | 0000 0048 | 8387 a001 | 0000 0166 | 0f1f 4400 | 0048 b8f0 | dc88 69ed 
  0x000001ed4c89f7cc: ;   {virtual_call}
  0x000001ed4c89f7cc: 0100 00e8 

  0x000001ed4c89f7d0: ; ImmutableOopMap {[40]=Oop [48]=Oop }
                      ;*invokeinterface run {reexecute=0 rethrow=0 return_oop=0}
                      ; - java.security.AccessController::executePrivileged@29 (line 778)
  0x000001ed4c89f7d0: 7d46 0f07 

  0x000001ed4c89f7d4: ;   {other}
  0x000001ed4c89f7d4: 0f1f 8400 | 4403 0001 

  0x000001ed4c89f7dc: ;   {metadata(method data for {method} {0x000001ed00478468} 'executePrivileged' '(Ljava/security/PrivilegedAction;Ljava/security/AccessControlContext;Ljava/lang/Class;)Ljava/lang/Object;' in 'java/security/AccessController')}
  0x000001ed4c89f7dc: 48be 90f0 | 0565 ed01 | 0000 ff86 | d801 0000 | 4c8b 4c24 

  0x000001ed4c89f7f0: ;   {metadata(method data for {method} {0x000001ed00478468} 'executePrivileged' '(Ljava/security/PrivilegedAction;Ljava/security/AccessControlContext;Ljava/lang/Class;)Ljava/lang/Object;' in 'java/security/AccessController')}
  0x000001ed4c89f7f0: 2848 be90 | f005 65ed | 0100 0048 | 8386 3802 

  0x000001ed4c89f800: ;   {metadata(method data for {method} {0x000001ed0003d4b0} 'reachabilityFence' '(Ljava/lang/Object;)V' in 'java/lang/ref/Reference')}
  0x000001ed4c89f800: 0000 0148 | be38 f305 | 65ed 0100 | 008b becc | 0000 0083 | c702 89be | cc00 0000 | 81e7 feff 
  0x000001ed4c89f820: 1f00 83ff | 000f 8473 

  0x000001ed4c89f828: ;   {metadata(method data for {method} {0x000001ed00478468} 'executePrivileged' '(Ljava/security/PrivilegedAction;Ljava/security/AccessControlContext;Ljava/lang/Class;)Ljava/lang/Object;' in 'java/security/AccessController')}
  0x000001ed4c89f828: 0000 0048 | be90 f005 | 65ed 0100 | 0048 8386 | 4802 0000 

  0x000001ed4c89f83c: ;   {metadata(method data for {method} {0x000001ed0003d4b0} 'reachabilityFence' '(Ljava/lang/Object;)V' in 'java/lang/ref/Reference')}
  0x000001ed4c89f83c: 0148 be38 | f305 65ed | 0100 008b | becc 0000 | 0083 c702 | 89be cc00 | 0000 81e7 | feff 1f00 
  0x000001ed4c89f85c: 83ff 000f | 845a 0000 | 0048 83c4 

  0x000001ed4c89f868: ;   {poll_return}
  0x000001ed4c89f868: 405d 493b | a750 0400 | 000f 8766 | 0000 00c3 

  0x000001ed4c89f878: ;   {metadata({method} {0x000001ed00478468} 'executePrivileged' '(Ljava/security/PrivilegedAction;Ljava/security/AccessControlContext;Ljava/lang/Class;)Ljava/lang/Object;' in 'java/security/AccessController')}
  0x000001ed4c89f878: 49ba 6084 | 4700 ed01 | 0000 4c89 | 5424 0848 | c704 24ff 

  0x000001ed4c89f88c: ;   {runtime_call counter_overflow Runtime1 stub}
  0x000001ed4c89f88c: ffff ffe8 

  0x000001ed4c89f890: ; ImmutableOopMap {rdx=Oop r8=Oop r9=Oop [48]=Oop }
                      ;*synchronization entry
                      ; - java.security.AccessController::executePrivileged@-1 (line 773)
  0x000001ed4c89f890: ecb8 1c07 | e90f feff 

  0x000001ed4c89f898: ;   {runtime_call throw_null_pointer_exception Runtime1 stub}
  0x000001ed4c89f898: ffe8 823d 

  0x000001ed4c89f89c: ; ImmutableOopMap {rdx=Oop [40]=Oop [48]=Oop }
                      ;*invokeinterface run {reexecute=0 rethrow=0 return_oop=0}
                      ; - java.security.AccessController::executePrivileged@29 (line 778)
                      ;   {metadata({method} {0x000001ed0003d4b0} 'reachabilityFence' '(Ljava/lang/Object;)V' in 'java/lang/ref/Reference')}
  0x000001ed4c89f89c: 1c07 49ba | a8d4 0300 | ed01 0000 | 4c89 5424 | 0848 c704 | 24ff ffff 

  0x000001ed4c89f8b4: ;   {runtime_call counter_overflow Runtime1 stub}
  0x000001ed4c89f8b4: ffe8 c6b8 

  0x000001ed4c89f8b8: ; ImmutableOopMap {rax=Oop r9=Oop }
                      ;*synchronization entry
                      ; - java.lang.ref.Reference::reachabilityFence@-1 (line 628)
                      ; - java.security.AccessController::executePrivileged@56 (line 783)
  0x000001ed4c89f8b8: 1c07 e96c 

  0x000001ed4c89f8bc: ;   {metadata({method} {0x000001ed0003d4b0} 'reachabilityFence' '(Ljava/lang/Object;)V' in 'java/lang/ref/Reference')}
  0x000001ed4c89f8bc: ffff ff49 | baa8 d403 | 00ed 0100 | 004c 8954 | 2408 48c7 | 0424 ffff 

  0x000001ed4c89f8d4: ;   {runtime_call counter_overflow Runtime1 stub}
  0x000001ed4c89f8d4: ffff e8a5 

  0x000001ed4c89f8d8: ; ImmutableOopMap {rax=Oop }
                      ;*synchronization entry
                      ; - java.lang.ref.Reference::reachabilityFence@-1 (line 628)
                      ; - java.security.AccessController::executePrivileged@60 (line 784)
  0x000001ed4c89f8d8: b81c 07eb 

  0x000001ed4c89f8dc: ;   {internal_word}
  0x000001ed4c89f8dc: 8849 ba6a | f889 4ced | 0100 004d | 8997 6804 

  0x000001ed4c89f8ec: ;   {runtime_call SafepointBlob}
  0x000001ed4c89f8ec: 0000 e98d | 720f 0749 | 8b87 0005 | 0000 49c7 | 8700 0500 | 0000 0000 | 0049 c787 | 0805 0000 
  0x000001ed4c89f90c: 0000 0000 | 4883 c440 

  0x000001ed4c89f914: ;   {runtime_call unwind_exception Runtime1 stub}
  0x000001ed4c89f914: 5de9 e615 | 1c07 f4f4 | f4f4 f4f4 
[Stub Code]
  0x000001ed4c89f920: ;   {no_reloc}
  0x000001ed4c89f920: 0f1f 4400 

  0x000001ed4c89f924: ;   {static_stub}
  0x000001ed4c89f924: 0048 bb00 | 0000 0000 

  0x000001ed4c89f92c: ;   {runtime_call}
  0x000001ed4c89f92c: 0000 00e9 | fbff ffff 

  0x000001ed4c89f934: ;   {static_stub}
  0x000001ed4c89f934: 48bb 8882 | 4700 ed01 

  0x000001ed4c89f93c: ;   {runtime_call I2C/C2I adapters}
  0x000001ed4c89f93c: 0000 e940 

  0x000001ed4c89f940: ;   {runtime_call handle_exception_from_callee Runtime1 stub}
  0x000001ed4c89f940: 450f 07e8 | b868 1c07 

  0x000001ed4c89f948: ;   {external_word}
  0x000001ed4c89f948: 48b9 d017 | c0a1 fa7f | 0000 4883 

  0x000001ed4c89f954: ;   {runtime_call}
  0x000001ed4c89f954: e4f0 48b8 | e00c 88a1 | fa7f 0000 

  0x000001ed4c89f960: ;   {section_word}
  0x000001ed4c89f960: ffd0 f449 | ba63 f989 | 4ced 0100 

  0x000001ed4c89f96c: ;   {runtime_call DeoptimizationBlob}
  0x000001ed4c89f96c: 0041 52e9 | ac86 0f07 | f4f4 f4f4 
[/MachCode]


---------------  P R O C E S S  ---------------

Threads class SMR info:
_java_thread_list=0x000001ed649158e0, length=17, elements={
0x000001ed643dcbb0, 0x000001ed643ddbc0, 0x000001ed643e13e0, 0x000001ed643e2340,
0x000001ed643e5a50, 0x000001ed643e9570, 0x000001ed643f0c20, 0x000001ed643f4e80,
0x000001ed646e65d0, 0x000001ed646e9220, 0x000001ed69142450, 0x000001ed69161290,
0x000001ed69bc56c0, 0x000001ed699c8bf0, 0x000001ed425c4f10, 0x000001ed42599a40,
0x000001ed64914ef0
}

Java Threads: ( => current thread )
  0x000001ed643dcbb0 JavaThread "Reference Handler"          daemon [_thread_blocked, id=36868, stack(0x000000d5c6400000,0x000000d5c6500000) (1024K)]
  0x000001ed643ddbc0 JavaThread "Finalizer"                  daemon [_thread_blocked, id=51140, stack(0x000000d5c6500000,0x000000d5c6600000) (1024K)]
  0x000001ed643e13e0 JavaThread "Signal Dispatcher"          daemon [_thread_blocked, id=46068, stack(0x000000d5c6600000,0x000000d5c6700000) (1024K)]
  0x000001ed643e2340 JavaThread "Attach Listener"            daemon [_thread_blocked, id=50588, stack(0x000000d5c6700000,0x000000d5c6800000) (1024K)]
  0x000001ed643e5a50 JavaThread "Service Thread"             daemon [_thread_blocked, id=22664, stack(0x000000d5c6800000,0x000000d5c6900000) (1024K)]
  0x000001ed643e9570 JavaThread "Monitor Deflation Thread"   daemon [_thread_blocked, id=51736, stack(0x000000d5c6900000,0x000000d5c6a00000) (1024K)]
  0x000001ed643f0c20 JavaThread "C2 CompilerThread0"         daemon [_thread_blocked, id=36064, stack(0x000000d5c6a00000,0x000000d5c6b00000) (1024K)]
  0x000001ed643f4e80 JavaThread "C1 CompilerThread0"         daemon [_thread_blocked, id=25260, stack(0x000000d5c6b00000,0x000000d5c6c00000) (1024K)]
  0x000001ed646e65d0 JavaThread "Notification Thread"        daemon [_thread_blocked, id=34908, stack(0x000000d5c6d00000,0x000000d5c6e00000) (1024K)]
  0x000001ed646e9220 JavaThread "Common-Cleaner"             daemon [_thread_blocked, id=21168, stack(0x000000d5c6e00000,0x000000d5c6f00000) (1024K)]
  0x000001ed69142450 JavaThread "Java2D Disposer"            daemon [_thread_blocked, id=53164, stack(0x000000d5c7100000,0x000000d5c7200000) (1024K)]
  0x000001ed69161290 JavaThread "AWT-Windows"                daemon [_thread_in_native, id=48680, stack(0x000000d5c7300000,0x000000d5c7400000) (1024K)]
  0x000001ed69bc56c0 JavaThread "Thread-0"                          [_thread_in_native, id=48840, stack(0x000000d5c7000000,0x000000d5c7100000) (1024K)]
  0x000001ed699c8bf0 JavaThread "Thread-1"                          [_thread_blocked, id=45292, stack(0x000000d5c7800000,0x000000d5c7900000) (1024K)]
  0x000001ed425c4f10 JavaThread "DestroyJavaVM"                     [_thread_blocked, id=56272, stack(0x000000d5c5c00000,0x000000d5c5d00000) (1024K)]
  0x000001ed42599a40 JavaThread "AWT-Shutdown"                      [_thread_blocked, id=61344, stack(0x000000d5c5900000,0x000000d5c5a00000) (1024K)]
=>0x000001ed64914ef0 JavaThread "AWT-EventQueue-0"                  [_thread_in_native, id=61688, stack(0x000000d5c6f00000,0x000000d5c7000000) (1024K)]
Total: 17

Other Threads:
  0x000001ed643bda50 VMThread "VM Thread"                           [id=42408, stack(0x000000d5c6300000,0x000000d5c6400000) (1024K)]
  0x000001ed643a55f0 WatcherThread "VM Periodic Task Thread"        [id=4176, stack(0x000000d5c6200000,0x000000d5c6300000) (1024K)]
  0x000001ed4409c560 WorkerThread "GC Thread#0"                     [id=1472, stack(0x000000d5c5d00000,0x000000d5c5e00000) (1024K)]
  0x000001ed69979710 WorkerThread "GC Thread#1"                     [id=55036, stack(0x000000d5c7200000,0x000000d5c7300000) (1024K)]
  0x000001ed69d06d60 WorkerThread "GC Thread#2"                     [id=51108, stack(0x000000d5c7400000,0x000000d5c7500000) (1024K)]
  0x000001ed69d07100 WorkerThread "GC Thread#3"                     [id=47584, stack(0x000000d5c7500000,0x000000d5c7600000) (1024K)]
  0x000001ed695f2d90 WorkerThread "GC Thread#4"                     [id=15844, stack(0x000000d5c7600000,0x000000d5c7700000) (1024K)]
  0x000001ed69ae38d0 WorkerThread "GC Thread#5"                     [id=52580, stack(0x000000d5c7700000,0x000000d5c7800000) (1024K)]
  0x000001ed69024d00 WorkerThread "GC Thread#6"                     [id=41944, stack(0x000000d5c5a00000,0x000000d5c5b00000) (1024K)]
  0x000001ed69025b80 WorkerThread "GC Thread#7"                     [id=57828, stack(0x000000d5c5b00000,0x000000d5c5c00000) (1024K)]
  0x000001ed69024960 WorkerThread "GC Thread#8"                     [id=22176, stack(0x000000d5c6c00000,0x000000d5c6d00000) (1024K)]
  0x000001ed440aea30 ConcurrentGCThread "G1 Main Marker"            [id=19480, stack(0x000000d5c5e00000,0x000000d5c5f00000) (1024K)]
  0x000001ed440afd40 WorkerThread "G1 Conc#0"                       [id=49708, stack(0x000000d5c5f00000,0x000000d5c6000000) (1024K)]
  0x000001ed440fe3f0 ConcurrentGCThread "G1 Refine#0"               [id=32000, stack(0x000000d5c6000000,0x000000d5c6100000) (1024K)]
  0x000001ed64278990 ConcurrentGCThread "G1 Service"                [id=32720, stack(0x000000d5c6100000,0x000000d5c6200000) (1024K)]
Total: 15

Threads with active compile tasks:
Total: 0

VM state: not at safepoint (normal execution)

VM Mutex/Monitor currently owned by a thread: None

Heap address: 0x0000000704600000, size: 4026 MB, Compressed Oops mode: Zero based, Oop shift amount: 3

CDS archive(s) mapped at: [0x000001ed00000000-0x000001ed00c90000-0x000001ed00c90000), size 13172736, SharedBaseAddress: 0x000001ed00000000, ArchiveRelocationMode: 1.
Compressed class space mapped at: 0x000001ed01000000-0x000001ed41000000, reserved size: 1073741824
Narrow klass base: 0x000001ed00000000, Narrow klass shift: 0, Narrow klass range: 0x100000000

GC Precious Log:
 CardTable entry size: 512
 Card Set container configuration: InlinePtr #cards 4 size 8 Array Of Cards #cards 16 size 48 Howl #buckets 8 coarsen threshold 3686 Howl Bitmap #cards 512 size 80 coarsen threshold 460 Card regions per heap region 1 cards per card region 4096
 CPUs: 16 total, 16 available
 Memory: 16103M
 Large Page Support: Disabled
 NUMA Support: Disabled
 Compressed Oops: Enabled (Zero based)
 Heap Region Size: 2M
 Heap Min Capacity: 8M
 Heap Initial Capacity: 252M
 Heap Max Capacity: 4026M
 Pre-touch: Disabled
 Parallel Workers: 13
 Concurrent Workers: 3
 Concurrent Refinement Workers: 13
 Periodic GC: Disabled

Heap:
 garbage-first heap   total 258048K, used 39142K [0x0000000704600000, 0x0000000800000000)
  region size 2048K, 18 young (36864K), 1 survivors (2048K)
 Metaspace       used 7597K, committed 7872K, reserved 1114112K
  class space    used 721K, committed 832K, reserved 1048576K

Heap Regions: E=young(eden), S=young(survivor), O=old, HS=humongous(starts), HC=humongous(continues), CS=collection set, F=free, TAMS=top-at-mark-start, PB=parsable bottom
|   0|0x0000000704600000, 0x0000000704800000, 0x0000000704800000|100%| O|  |TAMS 0x0000000704600000| PB 0x0000000704600000| Untracked 
|   1|0x0000000704800000, 0x0000000704a00000, 0x0000000704a00000|100%| O|  |TAMS 0x0000000704800000| PB 0x0000000704800000| Untracked 
|   2|0x0000000704a00000, 0x0000000704a6fb28, 0x0000000704c00000| 21%| O|  |TAMS 0x0000000704a00000| PB 0x0000000704a00000| Untracked 
|   3|0x0000000704c00000, 0x0000000704c00000, 0x0000000704e00000|  0%| F|  |TAMS 0x0000000704c00000| PB 0x0000000704c00000| Untracked 
|   4|0x0000000704e00000, 0x0000000704e00000, 0x0000000705000000|  0%| F|  |TAMS 0x0000000704e00000| PB 0x0000000704e00000| Untracked 
|   5|0x0000000705000000, 0x0000000705000000, 0x0000000705200000|  0%| F|  |TAMS 0x0000000705000000| PB 0x0000000705000000| Untracked 
|   6|0x0000000705200000, 0x0000000705200000, 0x0000000705400000|  0%| F|  |TAMS 0x0000000705200000| PB 0x0000000705200000| Untracked 
|   7|0x0000000705400000, 0x0000000705400000, 0x0000000705600000|  0%| F|  |TAMS 0x0000000705400000| PB 0x0000000705400000| Untracked 
|   8|0x0000000705600000, 0x0000000705600000, 0x0000000705800000|  0%| F|  |TAMS 0x0000000705600000| PB 0x0000000705600000| Untracked 
|   9|0x0000000705800000, 0x0000000705800000, 0x0000000705a00000|  0%| F|  |TAMS 0x0000000705800000| PB 0x0000000705800000| Untracked 
|  10|0x0000000705a00000, 0x0000000705a00000, 0x0000000705c00000|  0%| F|  |TAMS 0x0000000705a00000| PB 0x0000000705a00000| Untracked 
|  11|0x0000000705c00000, 0x0000000705c00000, 0x0000000705e00000|  0%| F|  |TAMS 0x0000000705c00000| PB 0x0000000705c00000| Untracked 
|  12|0x0000000705e00000, 0x0000000705e00000, 0x0000000706000000|  0%| F|  |TAMS 0x0000000705e00000| PB 0x0000000705e00000| Untracked 
|  13|0x0000000706000000, 0x0000000706000000, 0x0000000706200000|  0%| F|  |TAMS 0x0000000706000000| PB 0x0000000706000000| Untracked 
|  14|0x0000000706200000, 0x0000000706200000, 0x0000000706400000|  0%| F|  |TAMS 0x0000000706200000| PB 0x0000000706200000| Untracked 
|  15|0x0000000706400000, 0x0000000706400000, 0x0000000706600000|  0%| F|  |TAMS 0x0000000706400000| PB 0x0000000706400000| Untracked 
|  16|0x0000000706600000, 0x0000000706600000, 0x0000000706800000|  0%| F|  |TAMS 0x0000000706600000| PB 0x0000000706600000| Untracked 
|  17|0x0000000706800000, 0x0000000706800000, 0x0000000706a00000|  0%| F|  |TAMS 0x0000000706800000| PB 0x0000000706800000| Untracked 
|  18|0x0000000706a00000, 0x0000000706a00000, 0x0000000706c00000|  0%| F|  |TAMS 0x0000000706a00000| PB 0x0000000706a00000| Untracked 
|  19|0x0000000706c00000, 0x0000000706c00000, 0x0000000706e00000|  0%| F|  |TAMS 0x0000000706c00000| PB 0x0000000706c00000| Untracked 
|  20|0x0000000706e00000, 0x0000000706e00000, 0x0000000707000000|  0%| F|  |TAMS 0x0000000706e00000| PB 0x0000000706e00000| Untracked 
|  21|0x0000000707000000, 0x0000000707000000, 0x0000000707200000|  0%| F|  |TAMS 0x0000000707000000| PB 0x0000000707000000| Untracked 
|  22|0x0000000707200000, 0x0000000707200000, 0x0000000707400000|  0%| F|  |TAMS 0x0000000707200000| PB 0x0000000707200000| Untracked 
|  23|0x0000000707400000, 0x0000000707400000, 0x0000000707600000|  0%| F|  |TAMS 0x0000000707400000| PB 0x0000000707400000| Untracked 
|  24|0x0000000707600000, 0x0000000707600000, 0x0000000707800000|  0%| F|  |TAMS 0x0000000707600000| PB 0x0000000707600000| Untracked 
|  25|0x0000000707800000, 0x0000000707800000, 0x0000000707a00000|  0%| F|  |TAMS 0x0000000707800000| PB 0x0000000707800000| Untracked 
|  26|0x0000000707a00000, 0x0000000707a00000, 0x0000000707c00000|  0%| F|  |TAMS 0x0000000707a00000| PB 0x0000000707a00000| Untracked 
|  27|0x0000000707c00000, 0x0000000707c00000, 0x0000000707e00000|  0%| F|  |TAMS 0x0000000707c00000| PB 0x0000000707c00000| Untracked 
|  28|0x0000000707e00000, 0x0000000707e00000, 0x0000000708000000|  0%| F|  |TAMS 0x0000000707e00000| PB 0x0000000707e00000| Untracked 
|  29|0x0000000708000000, 0x0000000708000000, 0x0000000708200000|  0%| F|  |TAMS 0x0000000708000000| PB 0x0000000708000000| Untracked 
|  30|0x0000000708200000, 0x0000000708200000, 0x0000000708400000|  0%| F|  |TAMS 0x0000000708200000| PB 0x0000000708200000| Untracked 
|  31|0x0000000708400000, 0x0000000708400000, 0x0000000708600000|  0%| F|  |TAMS 0x0000000708400000| PB 0x0000000708400000| Untracked 
|  32|0x0000000708600000, 0x0000000708600000, 0x0000000708800000|  0%| F|  |TAMS 0x0000000708600000| PB 0x0000000708600000| Untracked 
|  33|0x0000000708800000, 0x0000000708800000, 0x0000000708a00000|  0%| F|  |TAMS 0x0000000708800000| PB 0x0000000708800000| Untracked 
|  34|0x0000000708a00000, 0x0000000708a00000, 0x0000000708c00000|  0%| F|  |TAMS 0x0000000708a00000| PB 0x0000000708a00000| Untracked 
|  35|0x0000000708c00000, 0x0000000708c00000, 0x0000000708e00000|  0%| F|  |TAMS 0x0000000708c00000| PB 0x0000000708c00000| Untracked 
|  36|0x0000000708e00000, 0x0000000708e00000, 0x0000000709000000|  0%| F|  |TAMS 0x0000000708e00000| PB 0x0000000708e00000| Untracked 
|  37|0x0000000709000000, 0x0000000709000000, 0x0000000709200000|  0%| F|  |TAMS 0x0000000709000000| PB 0x0000000709000000| Untracked 
|  38|0x0000000709200000, 0x0000000709200000, 0x0000000709400000|  0%| F|  |TAMS 0x0000000709200000| PB 0x0000000709200000| Untracked 
|  39|0x0000000709400000, 0x0000000709400000, 0x0000000709600000|  0%| F|  |TAMS 0x0000000709400000| PB 0x0000000709400000| Untracked 
|  40|0x0000000709600000, 0x0000000709600000, 0x0000000709800000|  0%| F|  |TAMS 0x0000000709600000| PB 0x0000000709600000| Untracked 
|  41|0x0000000709800000, 0x0000000709800000, 0x0000000709a00000|  0%| F|  |TAMS 0x0000000709800000| PB 0x0000000709800000| Untracked 
|  42|0x0000000709a00000, 0x0000000709a00000, 0x0000000709c00000|  0%| F|  |TAMS 0x0000000709a00000| PB 0x0000000709a00000| Untracked 
|  43|0x0000000709c00000, 0x0000000709c00000, 0x0000000709e00000|  0%| F|  |TAMS 0x0000000709c00000| PB 0x0000000709c00000| Untracked 
|  44|0x0000000709e00000, 0x0000000709e00000, 0x000000070a000000|  0%| F|  |TAMS 0x0000000709e00000| PB 0x0000000709e00000| Untracked 
|  45|0x000000070a000000, 0x000000070a000000, 0x000000070a200000|  0%| F|  |TAMS 0x000000070a000000| PB 0x000000070a000000| Untracked 
|  46|0x000000070a200000, 0x000000070a200000, 0x000000070a400000|  0%| F|  |TAMS 0x000000070a200000| PB 0x000000070a200000| Untracked 
|  47|0x000000070a400000, 0x000000070a400000, 0x000000070a600000|  0%| F|  |TAMS 0x000000070a400000| PB 0x000000070a400000| Untracked 
|  48|0x000000070a600000, 0x000000070a600000, 0x000000070a800000|  0%| F|  |TAMS 0x000000070a600000| PB 0x000000070a600000| Untracked 
|  49|0x000000070a800000, 0x000000070a800000, 0x000000070aa00000|  0%| F|  |TAMS 0x000000070a800000| PB 0x000000070a800000| Untracked 
|  50|0x000000070aa00000, 0x000000070aa00000, 0x000000070ac00000|  0%| F|  |TAMS 0x000000070aa00000| PB 0x000000070aa00000| Untracked 
|  51|0x000000070ac00000, 0x000000070ac00000, 0x000000070ae00000|  0%| F|  |TAMS 0x000000070ac00000| PB 0x000000070ac00000| Untracked 
|  52|0x000000070ae00000, 0x000000070ae00000, 0x000000070b000000|  0%| F|  |TAMS 0x000000070ae00000| PB 0x000000070ae00000| Untracked 
|  53|0x000000070b000000, 0x000000070b000000, 0x000000070b200000|  0%| F|  |TAMS 0x000000070b000000| PB 0x000000070b000000| Untracked 
|  54|0x000000070b200000, 0x000000070b200000, 0x000000070b400000|  0%| F|  |TAMS 0x000000070b200000| PB 0x000000070b200000| Untracked 
|  55|0x000000070b400000, 0x000000070b400000, 0x000000070b600000|  0%| F|  |TAMS 0x000000070b400000| PB 0x000000070b400000| Untracked 
|  56|0x000000070b600000, 0x000000070b600000, 0x000000070b800000|  0%| F|  |TAMS 0x000000070b600000| PB 0x000000070b600000| Untracked 
|  57|0x000000070b800000, 0x000000070b800000, 0x000000070ba00000|  0%| F|  |TAMS 0x000000070b800000| PB 0x000000070b800000| Untracked 
|  58|0x000000070ba00000, 0x000000070ba00000, 0x000000070bc00000|  0%| F|  |TAMS 0x000000070ba00000| PB 0x000000070ba00000| Untracked 
|  59|0x000000070bc00000, 0x000000070bc00000, 0x000000070be00000|  0%| F|  |TAMS 0x000000070bc00000| PB 0x000000070bc00000| Untracked 
|  60|0x000000070be00000, 0x000000070be00000, 0x000000070c000000|  0%| F|  |TAMS 0x000000070be00000| PB 0x000000070be00000| Untracked 
|  61|0x000000070c000000, 0x000000070c000000, 0x000000070c200000|  0%| F|  |TAMS 0x000000070c000000| PB 0x000000070c000000| Untracked 
|  62|0x000000070c200000, 0x000000070c200000, 0x000000070c400000|  0%| F|  |TAMS 0x000000070c200000| PB 0x000000070c200000| Untracked 
|  63|0x000000070c400000, 0x000000070c400000, 0x000000070c600000|  0%| F|  |TAMS 0x000000070c400000| PB 0x000000070c400000| Untracked 
|  64|0x000000070c600000, 0x000000070c600000, 0x000000070c800000|  0%| F|  |TAMS 0x000000070c600000| PB 0x000000070c600000| Untracked 
|  65|0x000000070c800000, 0x000000070c800000, 0x000000070ca00000|  0%| F|  |TAMS 0x000000070c800000| PB 0x000000070c800000| Untracked 
|  66|0x000000070ca00000, 0x000000070ca00000, 0x000000070cc00000|  0%| F|  |TAMS 0x000000070ca00000| PB 0x000000070ca00000| Untracked 
|  67|0x000000070cc00000, 0x000000070cc00000, 0x000000070ce00000|  0%| F|  |TAMS 0x000000070cc00000| PB 0x000000070cc00000| Untracked 
|  68|0x000000070ce00000, 0x000000070ce00000, 0x000000070d000000|  0%| F|  |TAMS 0x000000070ce00000| PB 0x000000070ce00000| Untracked 
|  69|0x000000070d000000, 0x000000070d000000, 0x000000070d200000|  0%| F|  |TAMS 0x000000070d000000| PB 0x000000070d000000| Untracked 
|  70|0x000000070d200000, 0x000000070d200000, 0x000000070d400000|  0%| F|  |TAMS 0x000000070d200000| PB 0x000000070d200000| Untracked 
|  71|0x000000070d400000, 0x000000070d400000, 0x000000070d600000|  0%| F|  |TAMS 0x000000070d400000| PB 0x000000070d400000| Untracked 
|  72|0x000000070d600000, 0x000000070d600000, 0x000000070d800000|  0%| F|  |TAMS 0x000000070d600000| PB 0x000000070d600000| Untracked 
|  73|0x000000070d800000, 0x000000070d800000, 0x000000070da00000|  0%| F|  |TAMS 0x000000070d800000| PB 0x000000070d800000| Untracked 
|  74|0x000000070da00000, 0x000000070da00000, 0x000000070dc00000|  0%| F|  |TAMS 0x000000070da00000| PB 0x000000070da00000| Untracked 
|  75|0x000000070dc00000, 0x000000070dc00000, 0x000000070de00000|  0%| F|  |TAMS 0x000000070dc00000| PB 0x000000070dc00000| Untracked 
|  76|0x000000070de00000, 0x000000070de00000, 0x000000070e000000|  0%| F|  |TAMS 0x000000070de00000| PB 0x000000070de00000| Untracked 
|  77|0x000000070e000000, 0x000000070e000000, 0x000000070e200000|  0%| F|  |TAMS 0x000000070e000000| PB 0x000000070e000000| Untracked 
|  78|0x000000070e200000, 0x000000070e200000, 0x000000070e400000|  0%| F|  |TAMS 0x000000070e200000| PB 0x000000070e200000| Untracked 
|  79|0x000000070e400000, 0x000000070e400000, 0x000000070e600000|  0%| F|  |TAMS 0x000000070e400000| PB 0x000000070e400000| Untracked 
|  80|0x000000070e600000, 0x000000070e600000, 0x000000070e800000|  0%| F|  |TAMS 0x000000070e600000| PB 0x000000070e600000| Untracked 
|  81|0x000000070e800000, 0x000000070e800000, 0x000000070ea00000|  0%| F|  |TAMS 0x000000070e800000| PB 0x000000070e800000| Untracked 
|  82|0x000000070ea00000, 0x000000070ea00000, 0x000000070ec00000|  0%| F|  |TAMS 0x000000070ea00000| PB 0x000000070ea00000| Untracked 
|  83|0x000000070ec00000, 0x000000070ec00000, 0x000000070ee00000|  0%| F|  |TAMS 0x000000070ec00000| PB 0x000000070ec00000| Untracked 
|  84|0x000000070ee00000, 0x000000070ee00000, 0x000000070f000000|  0%| F|  |TAMS 0x000000070ee00000| PB 0x000000070ee00000| Untracked 
|  85|0x000000070f000000, 0x000000070f000000, 0x000000070f200000|  0%| F|  |TAMS 0x000000070f000000| PB 0x000000070f000000| Untracked 
|  86|0x000000070f200000, 0x000000070f200000, 0x000000070f400000|  0%| F|  |TAMS 0x000000070f200000| PB 0x000000070f200000| Untracked 
|  87|0x000000070f400000, 0x000000070f400000, 0x000000070f600000|  0%| F|  |TAMS 0x000000070f400000| PB 0x000000070f400000| Untracked 
|  88|0x000000070f600000, 0x000000070f600000, 0x000000070f800000|  0%| F|  |TAMS 0x000000070f600000| PB 0x000000070f600000| Untracked 
|  89|0x000000070f800000, 0x000000070f800000, 0x000000070fa00000|  0%| F|  |TAMS 0x000000070f800000| PB 0x000000070f800000| Untracked 
|  90|0x000000070fa00000, 0x000000070fa00000, 0x000000070fc00000|  0%| F|  |TAMS 0x000000070fa00000| PB 0x000000070fa00000| Untracked 
|  91|0x000000070fc00000, 0x000000070fc00000, 0x000000070fe00000|  0%| F|  |TAMS 0x000000070fc00000| PB 0x000000070fc00000| Untracked 
|  92|0x000000070fe00000, 0x000000070fe00000, 0x0000000710000000|  0%| F|  |TAMS 0x000000070fe00000| PB 0x000000070fe00000| Untracked 
|  93|0x0000000710000000, 0x0000000710000000, 0x0000000710200000|  0%| F|  |TAMS 0x0000000710000000| PB 0x0000000710000000| Untracked 
|  94|0x0000000710200000, 0x0000000710200000, 0x0000000710400000|  0%| F|  |TAMS 0x0000000710200000| PB 0x0000000710200000| Untracked 
|  95|0x0000000710400000, 0x0000000710400000, 0x0000000710600000|  0%| F|  |TAMS 0x0000000710400000| PB 0x0000000710400000| Untracked 
|  96|0x0000000710600000, 0x0000000710600000, 0x0000000710800000|  0%| F|  |TAMS 0x0000000710600000| PB 0x0000000710600000| Untracked 
|  97|0x0000000710800000, 0x0000000710800000, 0x0000000710a00000|  0%| F|  |TAMS 0x0000000710800000| PB 0x0000000710800000| Untracked 
|  98|0x0000000710a00000, 0x0000000710a00000, 0x0000000710c00000|  0%| F|  |TAMS 0x0000000710a00000| PB 0x0000000710a00000| Untracked 
|  99|0x0000000710c00000, 0x0000000710c00000, 0x0000000710e00000|  0%| F|  |TAMS 0x0000000710c00000| PB 0x0000000710c00000| Untracked 
| 100|0x0000000710e00000, 0x0000000710e00000, 0x0000000711000000|  0%| F|  |TAMS 0x0000000710e00000| PB 0x0000000710e00000| Untracked 
| 101|0x0000000711000000, 0x0000000711000000, 0x0000000711200000|  0%| F|  |TAMS 0x0000000711000000| PB 0x0000000711000000| Untracked 
| 102|0x0000000711200000, 0x0000000711200000, 0x0000000711400000|  0%| F|  |TAMS 0x0000000711200000| PB 0x0000000711200000| Untracked 
| 103|0x0000000711400000, 0x0000000711400000, 0x0000000711600000|  0%| F|  |TAMS 0x0000000711400000| PB 0x0000000711400000| Untracked 
| 104|0x0000000711600000, 0x0000000711600000, 0x0000000711800000|  0%| F|  |TAMS 0x0000000711600000| PB 0x0000000711600000| Untracked 
| 105|0x0000000711800000, 0x0000000711800000, 0x0000000711a00000|  0%| F|  |TAMS 0x0000000711800000| PB 0x0000000711800000| Untracked 
| 106|0x0000000711a00000, 0x0000000711a00000, 0x0000000711c00000|  0%| F|  |TAMS 0x0000000711a00000| PB 0x0000000711a00000| Untracked 
| 107|0x0000000711c00000, 0x0000000711c00000, 0x0000000711e00000|  0%| F|  |TAMS 0x0000000711c00000| PB 0x0000000711c00000| Untracked 
| 108|0x0000000711e00000, 0x0000000711efd1e0, 0x0000000712000000| 49%| E|  |TAMS 0x0000000711e00000| PB 0x0000000711e00000| Complete 
| 109|0x0000000712000000, 0x00000007121c9ed0, 0x0000000712200000| 89%| S|CS|TAMS 0x0000000712000000| PB 0x0000000712000000| Complete 
| 110|0x0000000712200000, 0x0000000712400000, 0x0000000712400000|100%| E|CS|TAMS 0x0000000712200000| PB 0x0000000712200000| Complete 
| 111|0x0000000712400000, 0x0000000712600000, 0x0000000712600000|100%| E|CS|TAMS 0x0000000712400000| PB 0x0000000712400000| Complete 
| 112|0x0000000712600000, 0x0000000712800000, 0x0000000712800000|100%| E|CS|TAMS 0x0000000712600000| PB 0x0000000712600000| Complete 
| 113|0x0000000712800000, 0x0000000712a00000, 0x0000000712a00000|100%| E|CS|TAMS 0x0000000712800000| PB 0x0000000712800000| Complete 
| 114|0x0000000712a00000, 0x0000000712c00000, 0x0000000712c00000|100%| E|CS|TAMS 0x0000000712a00000| PB 0x0000000712a00000| Complete 
| 115|0x0000000712c00000, 0x0000000712e00000, 0x0000000712e00000|100%| E|CS|TAMS 0x0000000712c00000| PB 0x0000000712c00000| Complete 
| 116|0x0000000712e00000, 0x0000000713000000, 0x0000000713000000|100%| E|CS|TAMS 0x0000000712e00000| PB 0x0000000712e00000| Complete 
| 117|0x0000000713000000, 0x0000000713200000, 0x0000000713200000|100%| E|CS|TAMS 0x0000000713000000| PB 0x0000000713000000| Complete 
| 118|0x0000000713200000, 0x0000000713400000, 0x0000000713400000|100%| E|CS|TAMS 0x0000000713200000| PB 0x0000000713200000| Complete 
| 119|0x0000000713400000, 0x0000000713600000, 0x0000000713600000|100%| E|CS|TAMS 0x0000000713400000| PB 0x0000000713400000| Complete 
| 120|0x0000000713600000, 0x0000000713800000, 0x0000000713800000|100%| E|CS|TAMS 0x0000000713600000| PB 0x0000000713600000| Complete 
| 121|0x0000000713800000, 0x0000000713a00000, 0x0000000713a00000|100%| E|CS|TAMS 0x0000000713800000| PB 0x0000000713800000| Complete 
| 122|0x0000000713a00000, 0x0000000713c00000, 0x0000000713c00000|100%| E|CS|TAMS 0x0000000713a00000| PB 0x0000000713a00000| Complete 
| 123|0x0000000713c00000, 0x0000000713e00000, 0x0000000713e00000|100%| E|CS|TAMS 0x0000000713c00000| PB 0x0000000713c00000| Complete 
| 124|0x0000000713e00000, 0x0000000714000000, 0x0000000714000000|100%| E|CS|TAMS 0x0000000713e00000| PB 0x0000000713e00000| Complete 
| 125|0x0000000714000000, 0x0000000714200000, 0x0000000714200000|100%| E|CS|TAMS 0x0000000714000000| PB 0x0000000714000000| Complete 

Card table byte_map: [0x000001ed5cca0000,0x000001ed5d480000] _byte_map_base: 0x000001ed5947d000

Marking Bits: (CMBitMap*) 0x000001ed4409cc60
 Bits: [0x000001ed5d480000, 0x000001ed61368000)

Polling page: 0x000001ed42780000

Metaspace:

Usage:
  Non-class:      6.71 MB used.
      Class:    721.95 KB used.
       Both:      7.42 MB used.

Virtual space:
  Non-class space:       64.00 MB reserved,       6.88 MB ( 11%) committed,  1 nodes.
      Class space:        1.00 GB reserved,     832.00 KB ( <1%) committed,  1 nodes.
             Both:        1.06 GB reserved,       7.69 MB ( <1%) committed. 

Chunk freelists:
   Non-Class:  8.47 MB
       Class:  15.06 MB
        Both:  23.54 MB

MaxMetaspaceSize: unlimited
CompressedClassSpaceSize: 1.00 GB
Initial GC threshold: 21.00 MB
Current GC threshold: 21.00 MB
CDS: on
 - commit_granule_bytes: 65536.
 - commit_granule_words: 8192.
 - virtual_space_node_default_size: 8388608.
 - enlarge_chunks_in_place: 1.
 - use_allocation_guard: 0.


Internal statistics:

num_allocs_failed_limit: 0.
num_arena_births: 170.
num_arena_deaths: 0.
num_vsnodes_births: 2.
num_vsnodes_deaths: 0.
num_space_committed: 123.
num_space_uncommitted: 0.
num_chunks_returned_to_freelist: 0.
num_chunks_taken_from_freelist: 293.
num_chunk_merges: 0.
num_chunk_splits: 190.
num_chunks_enlarged: 122.
num_inconsistent_stats: 0.

CodeHeap 'non-profiled nmethods': size=119168Kb used=687Kb max_used=687Kb free=118480Kb
 bounds [0x000001ed54090000, 0x000001ed54300000, 0x000001ed5b4f0000]
CodeHeap 'profiled nmethods': size=119104Kb used=3871Kb max_used=3871Kb free=115232Kb
 bounds [0x000001ed4c4f0000, 0x000001ed4c8c0000, 0x000001ed53940000]
CodeHeap 'non-nmethods': size=7488Kb used=1612Kb max_used=3323Kb free=5875Kb
 bounds [0x000001ed53940000, 0x000001ed53c90000, 0x000001ed54090000]
 total_blobs=2493 nmethods=1951 adapters=447
 compilation: enabled
              stopped_count=0, restarted_count=0
 full_count=0

Compilation events (20 events):
Event: 369211.274 Thread 0x000001ed643f4e80 1942       3       sun.awt.AWTAutoShutdown$$Lambda/0x000001ed01065fd8::run (8 bytes)
Event: 369211.276 Thread 0x000001ed643f4e80 nmethod 1942 0x000001ed4c8afe90 code [0x000001ed4c8b0040, 0x000001ed4c8b0188]
Event: 369211.276 Thread 0x000001ed643f4e80 1944   !   3       sun.awt.AWTAutoShutdown::run (159 bytes)
Event: 369211.279 Thread 0x000001ed643f4e80 nmethod 1944 0x000001ed4c8b0290 code [0x000001ed4c8b04c0, 0x000001ed4c8b0d40]
Event: 369211.279 Thread 0x000001ed643f4e80 1943       3       sun.awt.AWTAutoShutdown::lambda$activateBlockerThread$0 (35 bytes)
Event: 369211.280 Thread 0x000001ed643f4e80 nmethod 1943 0x000001ed4c8b1110 code [0x000001ed4c8b13c0, 0x000001ed4c8b2228]
Event: 369212.303 Thread 0x000001ed643f4e80 1945   !   3       sun.awt.AppContext::getAppContexts (29 bytes)
Event: 369212.307 Thread 0x000001ed643f4e80 nmethod 1945 0x000001ed4c8b2690 code [0x000001ed4c8b28c0, 0x000001ed4c8b2fd0]
Event: 369212.307 Thread 0x000001ed643f4e80 1946   !   3       java.util.Collections$SynchronizedMap::values (50 bytes)
Event: 369212.309 Thread 0x000001ed643f4e80 nmethod 1946 0x000001ed4c8b3290 code [0x000001ed4c8b34c0, 0x000001ed4c8b3e48]
Event: 369212.309 Thread 0x000001ed643f4e80 1947   !   3       java.util.Collections$SynchronizedCollection::size (24 bytes)
Event: 369212.310 Thread 0x000001ed643f4e80 nmethod 1947 0x000001ed4c8b4290 code [0x000001ed4c8b4440, 0x000001ed4c8b4710]
Event: 369212.310 Thread 0x000001ed643f4e80 1948       3       java.util.IdentityHashMap$Values::size (8 bytes)
Event: 369212.310 Thread 0x000001ed643f4e80 nmethod 1948 0x000001ed4c8b4890 code [0x000001ed4c8b4a20, 0x000001ed4c8b4b38]
Event: 369212.310 Thread 0x000001ed643f4e80 1949       3       java.util.IdentityHashMap$Values::iterator (12 bytes)
Event: 369212.310 Thread 0x000001ed643f4e80 nmethod 1949 0x000001ed4c8b4c10 code [0x000001ed4c8b4dc0, 0x000001ed4c8b4fd8]
Event: 369212.310 Thread 0x000001ed643f4e80 1950       3       java.util.IdentityHashMap$ValueIterator::<init> (6 bytes)
Event: 369212.310 Thread 0x000001ed643f4e80 nmethod 1950 0x000001ed4c8b5110 code [0x000001ed4c8b52c0, 0x000001ed4c8b5400]
Event: 421874.514 Thread 0x000001ed643f4e80 1951   !   3       java.util.concurrent.ConcurrentHashMap::replaceNode (437 bytes)
Event: 421874.539 Thread 0x000001ed643f4e80 nmethod 1951 0x000001ed4c8b5490 code [0x000001ed4c8b5800, 0x000001ed4c8b7158]

GC Heap History (4 events):
Event: 2.220 GC heap before
{Heap before GC invocations=0 (full 0):
 garbage-first heap   total 258048K, used 20480K [0x0000000704600000, 0x0000000800000000)
  region size 2048K, 11 young (22528K), 0 survivors (0K)
 Metaspace       used 4243K, committed 4416K, reserved 1114112K
  class space    used 392K, committed 512K, reserved 1048576K
}
Event: 2.226 GC heap after
{Heap after GC invocations=1 (full 0):
 garbage-first heap   total 258048K, used 5362K [0x0000000704600000, 0x0000000800000000)
  region size 2048K, 2 young (4096K), 2 survivors (4096K)
 Metaspace       used 4243K, committed 4416K, reserved 1114112K
  class space    used 392K, committed 512K, reserved 1048576K
}
Event: 345033.335 GC heap before
{Heap before GC invocations=1 (full 0):
 garbage-first heap   total 258048K, used 34034K [0x0000000704600000, 0x0000000800000000)
  region size 2048K, 16 young (32768K), 2 survivors (4096K)
 Metaspace       used 7411K, committed 7616K, reserved 1114112K
  class space    used 700K, committed 768K, reserved 1048576K
}
Event: 345033.388 GC heap after
{Heap after GC invocations=2 (full 0):
 garbage-first heap   total 258048K, used 6374K [0x0000000704600000, 0x0000000800000000)
  region size 2048K, 1 young (2048K), 1 survivors (2048K)
 Metaspace       used 7411K, committed 7616K, reserved 1114112K
  class space    used 700K, committed 768K, reserved 1048576K
}

Dll operation events (7 events):
Event: 0.028 Loaded shared library C:\Program Files\Java\jdk-21\bin\java.dll
Event: 0.126 Loaded shared library C:\Program Files\Java\jdk-21\bin\jsvml.dll
Event: 0.210 Loaded shared library C:\Program Files\Java\jdk-21\bin\jimage.dll
Event: 0.223 Loaded shared library C:\Program Files\Java\jdk-21\bin\awt.dll
Event: 0.257 Loaded shared library C:\Program Files\Java\jdk-21\bin\net.dll
Event: 0.262 Loaded shared library C:\Program Files\Java\jdk-21\bin\nio.dll
Event: 0.268 Loaded shared library C:\Program Files\Java\jdk-21\bin\zip.dll

Deoptimization events (20 events):
Event: 10.686 Thread 0x000001ed425c4f10 Uncommon trap: trap_request=0xffffff45 fr.pc=0x000001ed540c81f4 relative=0x00000000000000d4
Event: 10.686 Thread 0x000001ed425c4f10 Uncommon trap: reason=unstable_if action=reinterpret pc=0x000001ed540c81f4 method=java.util.concurrent.locks.ReentrantLock$Sync.tryRelease(I)Z @ 26 c2
Event: 10.686 Thread 0x000001ed425c4f10 DEOPT PACKING pc=0x000001ed540c81f4 sp=0x000000d5c5cff300
Event: 10.686 Thread 0x000001ed425c4f10 DEOPT UNPACKING pc=0x000001ed53997da2 sp=0x000000d5c5cff2a0 mode 2
Event: 12.786 Thread 0x000001ed69bc56c0 Uncommon trap: trap_request=0xffffff45 fr.pc=0x000001ed540a59cc relative=0x000000000000012c
Event: 12.786 Thread 0x000001ed69bc56c0 Uncommon trap: reason=unstable_if action=reinterpret pc=0x000001ed540a59cc method=java.lang.StringCoding.countPositives([BII)I @ 17 c2
Event: 12.786 Thread 0x000001ed69bc56c0 DEOPT PACKING pc=0x000001ed540a59cc sp=0x000000d5c70ff200
Event: 12.787 Thread 0x000001ed69bc56c0 DEOPT UNPACKING pc=0x000001ed53997da2 sp=0x000000d5c70ff188 mode 2
Event: 12.787 Thread 0x000001ed69bc56c0 Uncommon trap: trap_request=0xffffff45 fr.pc=0x000001ed540a5fe8 relative=0x0000000000000048
Event: 12.787 Thread 0x000001ed69bc56c0 Uncommon trap: reason=unstable_if action=reinterpret pc=0x000001ed540a5fe8 method=java.lang.StringLatin1.canEncode(I)Z @ 4 c2
Event: 12.787 Thread 0x000001ed69bc56c0 DEOPT PACKING pc=0x000001ed540a5fe8 sp=0x000000d5c70fec20
Event: 12.787 Thread 0x000001ed69bc56c0 DEOPT UNPACKING pc=0x000001ed53997da2 sp=0x000000d5c70febb0 mode 2
Event: 12.834 Thread 0x000001ed69bc56c0 Uncommon trap: trap_request=0xffffff45 fr.pc=0x000001ed54116db8 relative=0x0000000000000198
Event: 12.834 Thread 0x000001ed69bc56c0 Uncommon trap: reason=unstable_if action=reinterpret pc=0x000001ed54116db8 method=java.lang.StringCoding.countPositives([BII)I @ 17 c2
Event: 12.834 Thread 0x000001ed69bc56c0 DEOPT PACKING pc=0x000001ed54116db8 sp=0x000000d5c70ff1e0
Event: 12.834 Thread 0x000001ed69bc56c0 DEOPT UNPACKING pc=0x000001ed53997da2 sp=0x000000d5c70ff188 mode 2
Event: 16.797 Thread 0x000001ed69bc56c0 Uncommon trap: trap_request=0xffffff45 fr.pc=0x000001ed54132dc4 relative=0x0000000000000404
Event: 16.797 Thread 0x000001ed69bc56c0 Uncommon trap: reason=unstable_if action=reinterpret pc=0x000001ed54132dc4 method=java.lang.StringUTF16.compress([CII)[B @ 13 c2
Event: 16.797 Thread 0x000001ed69bc56c0 DEOPT PACKING pc=0x000001ed54132dc4 sp=0x000000d5c70fec10
Event: 16.797 Thread 0x000001ed69bc56c0 DEOPT UNPACKING pc=0x000001ed53997da2 sp=0x000000d5c70feb50 mode 2

Classes loaded (20 events):
Event: 421874.870 Loading class java/awt/ModalEventFilter
Event: 421874.871 Loading class java/awt/ModalEventFilter done
Event: 421874.874 Loading class java/awt/EventFilter$FilterAction
Event: 421874.874 Loading class java/awt/EventFilter$FilterAction done
Event: 421874.876 Loading class sun/awt/dnd/SunDragSourceContextPeer
Event: 421874.883 Loading class java/awt/dnd/peer/DragSourceContextPeer
Event: 421874.883 Loading class java/awt/dnd/peer/DragSourceContextPeer done
Event: 421874.883 Loading class sun/awt/dnd/SunDragSourceContextPeer done
Event: 421874.884 Loading class java/awt/EventQueue$4
Event: 421874.885 Loading class java/awt/EventQueue$4 done
Event: 421874.885 Loading class java/awt/MenuComponent
Event: 421874.890 Loading class java/awt/MenuComponent done
Event: 421874.891 Loading class java/awt/TrayIcon
Event: 421874.900 Loading class java/awt/TrayIcon done
Event: 421874.901 Loading class java/awt/event/InputMethodEvent
Event: 421874.903 Loading class java/awt/event/InputMethodEvent done
Event: 421874.904 Loading class java/awt/event/ActionEvent
Event: 421874.905 Loading class java/awt/event/ActionEvent done
Event: 421874.986 Loading class java/util/ArrayList$ListItr
Event: 421874.989 Loading class java/util/ArrayList$ListItr done

Classes unloaded (0 events):
No events

Classes redefined (0 events):
No events

Internal exceptions (20 events):
Event: 2.267 Thread 0x000001ed425c4f10 Exception <a 'sun/nio/fs/WindowsException'{0x00000007140942a8}> (0x00000007140942a8) 
thrown [s\open\src\hotspot\share\prims\jni.cpp, line 520]
Event: 2.271 Thread 0x000001ed425c4f10 Exception <a 'sun/nio/fs/WindowsException'{0x000000071409a388}> (0x000000071409a388) 
thrown [s\open\src\hotspot\share\prims\jni.cpp, line 520]
Event: 2.273 Thread 0x000001ed425c4f10 Exception <a 'sun/nio/fs/WindowsException'{0x000000071409faa8}> (0x000000071409faa8) 
thrown [s\open\src\hotspot\share\prims\jni.cpp, line 520]
Event: 2.278 Thread 0x000001ed425c4f10 Exception <a 'sun/nio/fs/WindowsException'{0x00000007140a9eb8}> (0x00000007140a9eb8) 
thrown [s\open\src\hotspot\share\prims\jni.cpp, line 520]
Event: 2.283 Thread 0x000001ed425c4f10 Exception <a 'sun/nio/fs/WindowsException'{0x00000007140b0dd0}> (0x00000007140b0dd0) 
thrown [s\open\src\hotspot\share\prims\jni.cpp, line 520]
Event: 2.285 Thread 0x000001ed425c4f10 Exception <a 'sun/nio/fs/WindowsException'{0x00000007140b6c30}> (0x00000007140b6c30) 
thrown [s\open\src\hotspot\share\prims\jni.cpp, line 520]
Event: 2.292 Thread 0x000001ed425c4f10 Exception <a 'sun/nio/fs/WindowsException'{0x00000007140be5b8}> (0x00000007140be5b8) 
thrown [s\open\src\hotspot\share\prims\jni.cpp, line 520]
Event: 2.323 Thread 0x000001ed425c4f10 Exception <a 'java/lang/NoSuchMethodError'{0x00000007140d2e20}: 'void java.lang.invoke.DirectMethodHandle$Holder.invokeStatic(java.lang.Object, long)'> (0x00000007140d2e20) 
thrown [s\open\src\hotspot\share\interpreter\linkResolver.cpp, line 773]
Event: 2.324 Thread 0x000001ed425c4f10 Exception <a 'java/lang/NoSuchMethodError'{0x00000007140d7c48}: 'java.lang.Object java.lang.invoke.DirectMethodHandle$Holder.newInvokeSpecial(java.lang.Object, long)'> (0x00000007140d7c48) 
thrown [s\open\src\hotspot\share\interpreter\linkResolver.cpp, line 773]
Event: 2.326 Thread 0x000001ed425c4f10 Exception <a 'java/lang/NoSuchMethodError'{0x00000007140de7d0}: 'java.lang.Object java.lang.invoke.DirectMethodHandle$Holder.invokeStatic(java.lang.Object, long, java.lang.Object)'> (0x00000007140de7d0) 
thrown [s\open\src\hotspot\share\interpreter\linkResolver.cpp, line 773]
Event: 2.327 Thread 0x000001ed425c4f10 Exception <a 'java/lang/NoSuchMethodError'{0x00000007140e1f58}: 'java.lang.Object java.lang.invoke.DirectMethodHandle$Holder.invokeStaticInit(java.lang.Object, long, java.lang.Object)'> (0x00000007140e1f58) 
thrown [s\open\src\hotspot\share\interpreter\linkResolver.cpp, line 773]
Event: 5.066 Thread 0x000001ed69bc56c0 Implicit null exception at 0x000001ed540d2987 to 0x000001ed540d2a84
Event: 5.119 Thread 0x000001ed425c4f10 Exception <a 'java/lang/NoSuchMethodError'{0x0000000713b4f538}: 'void java.lang.invoke.Invokers$Holder.invokeExact_MT(java.lang.Object, java.lang.Object, java.lang.Object, java.lang.Object)'> (0x0000000713b4f538) 
thrown [s\open\src\hotspot\share\interpreter\linkResolver.cpp, line 773]
Event: 5.124 Thread 0x000001ed425c4f10 Exception <a 'java/lang/NoSuchMethodError'{0x0000000713b60540}: 'int java.lang.invoke.DirectMethodHandle$Holder.invokeSpecial(java.lang.Object, java.lang.Object, java.lang.Object)'> (0x0000000713b60540) 
thrown [s\open\src\hotspot\share\interpreter\linkResolver.cpp, line 773]
Event: 5.125 Thread 0x000001ed425c4f10 Exception <a 'java/lang/NoSuchMethodError'{0x0000000713b6ab88}: 'void java.lang.invoke.DelegatingMethodHandle$Holder.reinvoke_L(java.lang.Object, java.lang.Object, int)'> (0x0000000713b6ab88) 
thrown [s\open\src\hotspot\share\interpreter\linkResolver.cpp, line 773]
Event: 5.134 Thread 0x000001ed425c4f10 Exception <a 'java/lang/NoSuchMethodError'{0x0000000713b7b908}: 'void java.lang.invoke.DirectMethodHandle$Holder.invokeStatic(java.lang.Object, java.lang.Object, java.lang.Object)'> (0x0000000713b7b908) 
thrown [s\open\src\hotspot\share\interpreter\linkResolver.cpp, line 773]
Event: 7.507 Thread 0x000001ed425c4f10 Exception <a 'java/lang/NoSuchMethodError'{0x0000000713816088}: 'int java.lang.invoke.Invokers$Holder.invokeExact_MT(java.lang.Object, java.lang.Object, java.lang.Object)'> (0x0000000713816088) 
thrown [s\open\src\hotspot\share\interpreter\linkResolver.cpp, line 773]
Event: 10.183 Thread 0x000001ed425c4f10 Exception <a 'java/lang/NoSuchMethodError'{0x00000007138e26e0}: 'double java.lang.invoke.DelegatingMethodHandle$Holder.reinvoke_L(java.lang.Object, java.lang.Object)'> (0x00000007138e26e0) 
thrown [s\open\src\hotspot\share\interpreter\linkResolver.cpp, line 773]
Event: 10.186 Thread 0x000001ed425c4f10 Exception <a 'java/lang/NoSuchMethodError'{0x00000007138ec668}: 'void java.lang.invoke.DelegatingMethodHandle$Holder.reinvoke_L(java.lang.Object, java.lang.Object, double)'> (0x00000007138ec668) 
thrown [s\open\src\hotspot\share\interpreter\linkResolver.cpp, line 773]
Event: 12.885 Thread 0x000001ed425c4f10 Exception <a 'java/lang/NoSuchMethodError'{0x000000071397bfe8}: 'void java.lang.invoke.DirectMethodHandle$Holder.invokeSpecial(java.lang.Object, java.lang.Object, java.lang.Object)'> (0x000000071397bfe8) 
thrown [s\open\src\hotspot\share\interpreter\linkResolver.cpp, line 773]

ZGC Phase Switch (0 events):
No events

VM Operations (20 events):
Event: 421527.363 Executing VM operation: HandshakeAllThreads (HandshakeForDeflation)
Event: 421527.363 Executing VM operation: HandshakeAllThreads (HandshakeForDeflation) done
Event: 421527.363 Executing VM operation: RendezvousGCThreads
Event: 421527.363 Executing VM operation: RendezvousGCThreads done
Event: 421587.538 Executing VM operation: HandshakeAllThreads (HandshakeForDeflation)
Event: 421587.538 Executing VM operation: HandshakeAllThreads (HandshakeForDeflation) done
Event: 421587.538 Executing VM operation: RendezvousGCThreads
Event: 421587.538 Executing VM operation: RendezvousGCThreads done
Event: 421768.072 Executing VM operation: HandshakeAllThreads (HandshakeForDeflation)
Event: 421768.072 Executing VM operation: HandshakeAllThreads (HandshakeForDeflation) done
Event: 421768.072 Executing VM operation: RendezvousGCThreads
Event: 421768.072 Executing VM operation: RendezvousGCThreads done
Event: 421828.132 Executing VM operation: HandshakeAllThreads (HandshakeForDeflation)
Event: 421828.132 Executing VM operation: HandshakeAllThreads (HandshakeForDeflation) done
Event: 421828.133 Executing VM operation: RendezvousGCThreads
Event: 421828.133 Executing VM operation: RendezvousGCThreads done
Event: 421875.119 Executing VM operation: HandshakeAllThreads (Deoptimize)
Event: 421875.125 Executing VM operation: HandshakeAllThreads (Deoptimize) done
Event: 421875.125 Executing VM operation: Cleanup
Event: 421875.125 Executing VM operation: Cleanup done

Events (20 events):
Event: 421415.101 Thread 0x000001ed42599a40 Thread added: 0x000001ed42599a40
Event: 421416.149 Thread 0x000001ed42599a40 Thread exited: 0x000001ed42599a40
Event: 421417.889 Thread 0x000001ed42599a40 Thread added: 0x000001ed42599a40
Event: 421418.942 Thread 0x000001ed42599a40 Thread exited: 0x000001ed42599a40
Event: 421425.163 Thread 0x000001ed42599a40 Thread added: 0x000001ed42599a40
Event: 421426.664 Thread 0x000001ed42599a40 Thread exited: 0x000001ed42599a40
Event: 421440.391 Thread 0x000001ed42599a40 Thread added: 0x000001ed42599a40
Event: 421441.409 Thread 0x000001ed42599a40 Thread exited: 0x000001ed42599a40
Event: 421517.108 Thread 0x000001ed42599a40 Thread added: 0x000001ed42599a40
Event: 421518.109 Thread 0x000001ed42599a40 Thread exited: 0x000001ed42599a40
Event: 421529.182 Thread 0x000001ed42599a40 Thread added: 0x000001ed42599a40
Event: 421530.195 Thread 0x000001ed42599a40 Thread exited: 0x000001ed42599a40
Event: 421758.462 Thread 0x000001ed42599a40 Thread added: 0x000001ed42599a40
Event: 421759.513 Thread 0x000001ed42599a40 Thread exited: 0x000001ed42599a40
Event: 421770.974 Thread 0x000001ed42599a40 Thread added: 0x000001ed42599a40
Event: 421771.976 Thread 0x000001ed42599a40 Thread exited: 0x000001ed42599a40
Event: 421791.080 Thread 0x000001ed42599a40 Thread added: 0x000001ed42599a40
Event: 421792.089 Thread 0x000001ed42599a40 Thread exited: 0x000001ed42599a40
Event: 421874.278 Thread 0x000001ed42599a40 Thread added: 0x000001ed42599a40
Event: 421874.862 Thread 0x000001ed64914ef0 Thread added: 0x000001ed64914ef0


Dynamic libraries:
0x00007ff675bc0000 - 0x00007ff675bd0000 	C:\Program Files\Java\jdk-21\bin\javaw.exe
0x00007ffb79b90000 - 0x00007ffb79d88000 	C:\Windows\SYSTEM32\ntdll.dll
0x00007ffb783f0000 - 0x00007ffb784ad000 	C:\Windows\System32\KERNEL32.DLL
0x00007ffb772a0000 - 0x00007ffb77596000 	C:\Windows\System32\KERNELBASE.dll
0x00007ffb77920000 - 0x00007ffb77a20000 	C:\Windows\System32\ucrtbase.dll
0x00007ffb6a210000 - 0x00007ffb6a229000 	C:\Program Files\Java\jdk-21\bin\jli.dll
0x00007ffb34090000 - 0x00007ffb340ab000 	C:\Program Files\Java\jdk-21\bin\VCRUNTIME140.dll
0x00007ffb77f40000 - 0x00007ffb77ff0000 	C:\Windows\System32\ADVAPI32.dll
0x00007ffb78e50000 - 0x00007ffb78eee000 	C:\Windows\System32\msvcrt.dll
0x00007ffb79740000 - 0x00007ffb797e0000 	C:\Windows\System32\sechost.dll
0x00007ffb785c0000 - 0x00007ffb786e5000 	C:\Windows\System32\RPCRT4.dll
0x00007ffb77240000 - 0x00007ffb77267000 	C:\Windows\System32\bcrypt.dll
0x00007ffb78250000 - 0x00007ffb783ee000 	C:\Windows\System32\USER32.dll
0x00007ffb77270000 - 0x00007ffb77292000 	C:\Windows\System32\win32u.dll
0x00007ffb660e0000 - 0x00007ffb6637a000 	C:\Windows\WinSxS\amd64_microsoft.windows.common-controls_6595b64144ccf1df_6.0.19041.3636_none_60b6a03d71f818d5\COMCTL32.dll
0x00007ffb784b0000 - 0x00007ffb784db000 	C:\Windows\System32\GDI32.dll
0x00007ffb77800000 - 0x00007ffb77917000 	C:\Windows\System32\gdi32full.dll
0x00007ffb77b20000 - 0x00007ffb77bbd000 	C:\Windows\System32\msvcp_win.dll
0x00007ffb6c640000 - 0x00007ffb6c64a000 	C:\Windows\SYSTEM32\VERSION.dll
0x00007ffb77bc0000 - 0x00007ffb77bf2000 	C:\Windows\System32\IMM32.DLL
0x000001ed42790000 - 0x000001ed427a4000 	C:\Windows\System32\umppc18110.dll
0x00007ffb6a0e0000 - 0x00007ffb6a0ec000 	C:\Program Files\Java\jdk-21\bin\vcruntime140_1.dll
0x00007ffb258b0000 - 0x00007ffb2593e000 	C:\Program Files\Java\jdk-21\bin\msvcp140.dll
0x00007ffaa1260000 - 0x00007ffaa1f73000 	C:\Program Files\Java\jdk-21\bin\server\jvm.dll
0x00007ffb786f0000 - 0x00007ffb7875b000 	C:\Windows\System32\WS2_32.dll
0x00007ffb76b70000 - 0x00007ffb76bbb000 	C:\Windows\SYSTEM32\POWRPROF.dll
0x00007ffb75670000 - 0x00007ffb75697000 	C:\Windows\SYSTEM32\WINMM.dll
0x00007ffb76b20000 - 0x00007ffb76b32000 	C:\Windows\SYSTEM32\UMPDC.dll
0x00007ffb75be0000 - 0x00007ffb75bf2000 	C:\Windows\SYSTEM32\kernel.appcore.dll
0x00007ffb4da50000 - 0x00007ffb4da5a000 	C:\Program Files\Java\jdk-21\bin\jimage.dll
0x00007ffb75360000 - 0x00007ffb75544000 	C:\Windows\SYSTEM32\DBGHELP.DLL
0x00007ffb755d0000 - 0x00007ffb75604000 	C:\Windows\SYSTEM32\dbgcore.DLL
0x00007ffb77a90000 - 0x00007ffb77b12000 	C:\Windows\System32\bcryptPrimitives.dll
0x00007ffb38bc0000 - 0x00007ffb38bdf000 	C:\Program Files\Java\jdk-21\bin\java.dll
0x00007ffb78ef0000 - 0x00007ffb7965b000 	C:\Windows\System32\SHELL32.dll
0x00007ffb74ad0000 - 0x00007ffb7526e000 	C:\Windows\SYSTEM32\windows.storage.dll
0x00007ffb797e0000 - 0x00007ffb79b33000 	C:\Windows\System32\combase.dll
0x00007ffb76b40000 - 0x00007ffb76b6e000 	C:\Windows\SYSTEM32\Wldp.dll
0x00007ffb78100000 - 0x00007ffb781cd000 	C:\Windows\System32\OLEAUT32.dll
0x00007ffb78da0000 - 0x00007ffb78e4d000 	C:\Windows\System32\SHCORE.dll
0x00007ffb780a0000 - 0x00007ffb780f5000 	C:\Windows\System32\shlwapi.dll
0x00007ffb77170000 - 0x00007ffb77195000 	C:\Windows\SYSTEM32\profapi.dll
0x00007ffb1e1f0000 - 0x00007ffb1e2c7000 	C:\Program Files\Java\jdk-21\bin\jsvml.dll
0x00007ffad04d0000 - 0x00007ffad065f000 	C:\Program Files\Java\jdk-21\bin\awt.dll
0x00007ffb73d50000 - 0x00007ffb73de0000 	C:\Windows\SYSTEM32\apphelp.dll
0x00007ffb4da40000 - 0x00007ffb4da50000 	C:\Program Files\Java\jdk-21\bin\net.dll
0x00007ffb715c0000 - 0x00007ffb716ca000 	C:\Windows\SYSTEM32\WINHTTP.dll
0x00007ffb76900000 - 0x00007ffb7696a000 	C:\Windows\system32\mswsock.dll
0x00007ffb38ba0000 - 0x00007ffb38bb6000 	C:\Program Files\Java\jdk-21\bin\nio.dll
0x00007ffb38b80000 - 0x00007ffb38b98000 	C:\Program Files\Java\jdk-21\bin\zip.dll
0x00007ffb741b0000 - 0x00007ffb7424e000 	C:\Windows\system32\uxtheme.dll
0x00007ffb77c00000 - 0x00007ffb77d15000 	C:\Windows\System32\MSCTF.dll
0x00007ffb77d20000 - 0x00007ffb77e4b000 	C:\Windows\System32\ole32.dll
0x00007ffb74310000 - 0x00007ffb7433f000 	C:\Windows\system32\DWMAPI.DLL
0x00007ffb3a970000 - 0x00007ffb3aa95000 	C:\Windows\system32\opengl32.dll
0x00007ffb3a940000 - 0x00007ffb3a96c000 	C:\Windows\SYSTEM32\GLU32.dll
0x00007ffb76bd0000 - 0x00007ffb76be8000 	C:\Windows\SYSTEM32\CRYPTSP.dll
0x00007ffb761e0000 - 0x00007ffb76214000 	C:\Windows\system32\rsaenh.dll
0x00007ffb77130000 - 0x00007ffb7715e000 	C:\Windows\SYSTEM32\USERENV.dll
0x00007ffb76a90000 - 0x00007ffb76a9c000 	C:\Windows\SYSTEM32\CRYPTBASE.dll
0x00007ffb76600000 - 0x00007ffb7663b000 	C:\Windows\SYSTEM32\IPHLPAPI.DLL
0x00007ffb79b40000 - 0x00007ffb79b48000 	C:\Windows\System32\NSI.dll
0x00007ffb40390000 - 0x00007ffb4043c000 	C:\Windows\SYSTEM32\TextShaping.dll

dbghelp: loaded successfully - version: 4.0.5 - missing functions: none
symbol engine: initialized successfully - sym options: 0x614 - pdb path: .;C:\Program Files\Java\jdk-21\bin;C:\Windows\SYSTEM32;C:\Windows\WinSxS\amd64_microsoft.windows.common-controls_6595b64144ccf1df_6.0.19041.3636_none_60b6a03d71f818d5;C:\Program Files\Java\jdk-21\bin\server

VM Arguments:
jvm_args: -Dfile.encoding=UTF-8 -Dstdout.encoding=UTF-8 -Dstderr.encoding=UTF-8 -XX:+ShowCodeDetailsInExceptionMessages 
java_command: com.wright.firstClass
java_class_path (initial): E:\Eclipse\com.wright\target\test-classes;E:\Eclipse\com.wright\target\classes;C:\Users\vasif-19328\.m2\repository\com\microsoft\playwright\playwright\1.41.2\playwright-1.41.2.jar;C:\Users\vasif-19328\.m2\repository\com\google\code\gson\gson\2.8.9\gson-2.8.9.jar;C:\Users\vasif-19328\.m2\repository\org\opentest4j\opentest4j\1.2.0\opentest4j-1.2.0.jar;C:\Users\vasif-19328\.m2\repository\com\microsoft\playwright\driver\1.41.2\driver-1.41.2.jar;C:\Users\vasif-19328\.m2\repository\com\microsoft\playwright\driver-bundle\1.41.2\driver-bundle-1.41.2.jar;C:\Users\vasif-19328\.m2\repository\org\seleniumhq\selenium\selenium-java\3.141.59\selenium-java-3.141.59.jar;C:\Users\vasif-19328\.m2\repository\org\seleniumhq\selenium\selenium-api\3.141.59\selenium-api-3.141.59.jar;C:\Users\vasif-19328\.m2\repository\org\seleniumhq\selenium\selenium-chrome-driver\3.141.59\selenium-chrome-driver-3.141.59.jar;C:\Users\vasif-19328\.m2\repository\org\seleniumhq\selenium\selenium-edge-driver\3.141.59\selenium-edge-driver-3.141.59.jar;C:\Users\vasif-19328\.m2\repository\org\seleniumhq\selenium\selenium-firefox-driver\3.141.59\selenium-firefox-driver-3.141.59.jar;C:\Users\vasif-19328\.m2\repository\org\seleniumhq\selenium\selenium-ie-driver\3.141.59\selenium-ie-driver-3.141.59.jar;C:\Users\vasif-19328\.m2\repository\org\seleniumhq\selenium\selenium-opera-driver\3.141.59\selenium-opera-driver-3.141.59.jar;C:\Users\vasif-19328\.m2\repository\org\seleniumhq\selenium\selenium-remote-driver\3.141.59\selenium-remote-driver-3.141.59.jar;C:\Users\vasif-19328\.m2\repository\org\seleniumhq\selenium\selenium-safari-driver\3.141.59\selenium-safari-driver-3.141.59.jar;C:\Users\vasif-19328\.m2\repository\org\seleniumhq\selenium\selenium-support\3.141.59\selenium-support-3.141.59.jar;C:\Users\vasif-19328\.m2\repository\net\bytebuddy\byte-buddy\1.8.15\byte-buddy-1.8.15.jar;C:\Users\vasif-19328\.m2\repository\org\apache\commons\commons-exec\1.3\commons-exec-1.3.jar;C:\Users\vasif-19328\.m2\repository\com\google\guava\guava\25.0-jre\guava-25.0-jre.jar;C:\Users\vasif-19328\.m2\repository\com\google\code\findbugs\jsr305\1.3.9\jsr305-1.3.9.jar;C:\Users\vasif-19328\.m2\repository\org\checkerframework\checker-compat-qual\2.0.0\checker-compat-qual-2.0.0.jar;C:\Users\vasif-19328\.m2\repository\com\google\errorprone\error_prone_annotations\2.1.3\error_prone_annotations-2.1.3.jar;C:\Users\vasif-19328\.m2\repository\com\google\j2objc\j2objc-annotations\1.1\j2objc-annotations-1.1.jar;C:\Users\vasif-19328\.m2\repository\org\codehaus\mojo\animal-sniffer-annotations\1.14\animal-sniffer-annotations-1.14.jar;C:\Users\vasif-19328\.m2\repository\com\squareup\okhttp3\okhttp\3.11.0\okhttp-3.11.0.jar;C:\Users\vasif-19328\.m2\repository\com\squareup\okio\okio\1.14.0\okio-1.14.0.jar;C:\Users\vasif-19328\.m2\repository\io\github\bonigarcia\webdrivermanager\5.5.3\webdrivermanager-5.5.3.jar;C:\Users\vasif-19328\.m2\repository\org\slf4j\slf4j-api\2.0.7\slf4j-api-2.0.7.jar;C:\Users\vasif-19328\.m2\repository\com\github\docker-java\docker-java\3.3.3\docker-java-3.3.3.jar;C:\Users\vasif-19328\.m2\repository\com\github\docker-java\docker-java-core\3.3.3\docker-java-core-3.3.3.jar;C:\Users\vasif-19328\.m2\repository\com\github\docker-java\docker-java-api\3.3.3\docker-java-api-3.3.3.jar;C:\Users\vasif-19328\.m2\repository\com\fasterxml\jackson\core\jackson-annotations\2.10.3\jackson-annotations-2.10.3.jar;C:\Users\vasif-19328\.m2\repository\commons-io\commons-io\2.6\commons-io-2.6.jar;C:\Users\vasif-19328\.m2\repository\org\apache\commons\commons-compress\1.21\commons-compress-1.21.jar;C:\Users\vasif-19328\.m2\repository\com\fasterxml\jackson\core\jackson-databind\2.10.3\jackson-databind-2.10.3.jar;C:\Users\vasif-19328\.m2\repository\com\fasterxml\jackson\core\jackson-core\2.10.3\jackson-core-2.10.3.jar;C:\Users\vasif-19328\.m2\repository\org\bouncycastle\bcpkix-jdk18on\1.75\bcpkix-jdk18on-1.75.jar;C:\Users\vasif-19328\.m2\repository\org\bouncycastle\bcprov-jdk18on\1.75\bcprov-jdk18on-1.75.jar;C:\Users\vasif-19328\.m2\repository\org\bouncycastle\bcutil-jdk18on\1.75\bcutil-jdk18on-1.75.jar;C:\Users\vasif-19328\.m2\repository\org\slf4j\jcl-over-slf4j\1.7.30\jcl-over-slf4j-1.7.30.jar;C:\Users\vasif-19328\.m2\repository\com\github\docker-java\docker-java-transport-httpclient5\3.3.3\docker-java-transport-httpclient5-3.3.3.jar;C:\Users\vasif-19328\.m2\repository\com\github\docker-java\docker-java-transport\3.3.3\docker-java-transport-3.3.3.jar;C:\Users\vasif-19328\.m2\repository\net\java\dev\jna\jna\5.12.1\jna-5.12.1.jar;C:\Users\vasif-19328\.m2\repository\org\brotli\dec\0.1.2\dec-0.1.2.jar;C:\Users\vasif-19328\.m2\repository\org\apache\commons\commons-lang3\3.13.0\commons-lang3-3.13.0.jar;C:\Users\vasif-19328\.m2\repository\org\apache\httpcomponents\client5\httpclient5\5.2.1\httpclient5-5.2.1.jar;C:\Users\vasif-19328\.m2\repository\org\apache\httpcomponents\core5\httpcore5\5.2\httpcore5-5.2.jar;C:\Users\vasif-19328\.m2\repository\org\apache\httpcomponents\core5\httpcore5-h2\5.2\httpcore5-h2-5.2.jar;C:\Users\vasif-19328\.m2\repository\org\apache\logging\log4j\log4j-core\2.8.2\log4j-core-2.8.2.jar;C:\Users\vasif-19328\.m2\repository\org\apache\logging\log4j\log4j-api\2.8.2\log4j-api-2.8.2.jar
Launcher Type: SUN_STANDARD

[Global flags]
     intx CICompilerCount                          = 12                                        {product} {ergonomic}
     uint ConcGCThreads                            = 3                                         {product} {ergonomic}
     uint G1ConcRefinementThreads                  = 13                                        {product} {ergonomic}
   size_t G1HeapRegionSize                         = 2097152                                   {product} {ergonomic}
    uintx GCDrainStackTargetSize                   = 64                                        {product} {ergonomic}
   size_t InitialHeapSize                          = 264241152                                 {product} {ergonomic}
   size_t MarkStackSize                            = 4194304                                   {product} {ergonomic}
   size_t MaxHeapSize                              = 4221566976                                {product} {ergonomic}
   size_t MaxNewSize                               = 2531262464                                {product} {ergonomic}
   size_t MinHeapDeltaBytes                        = 2097152                                   {product} {ergonomic}
   size_t MinHeapSize                              = 8388608                                   {product} {ergonomic}
    uintx NonNMethodCodeHeapSize                   = 7602480                                {pd product} {ergonomic}
    uintx NonProfiledCodeHeapSize                  = 122027880                              {pd product} {ergonomic}
    uintx ProfiledCodeHeapSize                     = 122027880                              {pd product} {ergonomic}
    uintx ReservedCodeCacheSize                    = 251658240                              {pd product} {ergonomic}
     bool SegmentedCodeCache                       = true                                      {product} {ergonomic}
     bool ShowCodeDetailsInExceptionMessages       = true                                   {manageable} {command line}
   size_t SoftMaxHeapSize                          = 4221566976                             {manageable} {ergonomic}
     bool UseCompressedOops                        = true                           {product lp64_product} {ergonomic}
     bool UseG1GC                                  = true                                      {product} {ergonomic}
     bool UseLargePagesIndividualAllocation        = false                                  {pd product} {ergonomic}

Logging:
Log output configuration:
 #0: stdout all=warning uptime,level,tags foldmultilines=false
 #1: stderr all=off uptime,level,tags foldmultilines=false

Environment Variables:
JAVA_HOME=C:\Program Files\Java\jdk-21
PATH=C:/Program Files/Java/jdk-21/bin/server;C:/Program Files/Java/jdk-21/bin;C:\Python312\Scripts\;C:\Python312\;C:\Program Files\Java\jdk-21\bin;C:\Program Files (x86)\Common Files\Oracle\Java\javapath;C:\Windows\system32;C:\Windows;C:\Windows\System32\Wbem;C:\Windows\System32\WindowsPowerShell\v1.0\;C:\Windows\System32\OpenSSH\;C:\Program Files\dotnet\;C:\Program Files\Common Files\Oracle\Java\javapath;D:\Custom BAT Files;C:\UnxUtils\bin;C:\UnxUtils\usr\local\wbin;C:\Program Files (x86)\Microsoft SQL Server\160\Tools\Binn\;C:\Program Files\Microsoft SQL Server\160\Tools\Binn\;C:\Program Files\Microsoft SQL Server\Client SDK\ODBC\170\Tools\Binn\;C:\Program Files\Microsoft SQL Server\160\DTS\Binn\;C:\Program Files\Azure Data Studio\bin;C:\Program Files (x86)\PowerShell\7\;C:\Program Files\PuTTY\;C:\ProgramData\chocolatey\bin;C:\Program Files (x86)\Microsoft SQL Server\160\DTS\Binn\;C:\Users\vasif-19328\AppData\Local\Microsoft\WindowsApps;;C:\Program Files\Azure Data Studio\bin;C:\Windows\system32;
USERNAME=vasif-19328
OS=Windows_NT
PROCESSOR_IDENTIFIER=Intel64 Family 6 Model 141 Stepping 1, GenuineIntel
TMP=C:\Users\VASIF-~1\AppData\Local\Temp
TEMP=C:\Users\VASIF-~1\AppData\Local\Temp




---------------  S Y S T E M  ---------------

OS:
 Windows 10 , 64 bit Build 19041 (10.0.19041.3636)
OS uptime: 15 days 0:26 hours
Hyper-V role detected

CPU: total 16 (initial active 16) (8 cores per cpu, 2 threads per core) family 6 model 141 stepping 1 microcode 0x4e, cx8, cmov, fxsr, ht, mmx, 3dnowpref, sse, sse2, sse3, ssse3, sse4.1, sse4.2, popcnt, lzcnt, tsc, tscinvbit, avx, avx2, aes, erms, clmul, bmi1, bmi2, adx, avx512f, avx512dq, avx512cd, avx512bw, avx512vl, sha, fma, vzeroupper, avx512_vpopcntdq, avx512_vpclmulqdq, avx512_vaes, avx512_vnni, clflush, clflushopt, clwb, avx512_vbmi2, avx512_vbmi, hv, rdtscp, rdpid, fsrm, gfni, avx512_bitalg, f16c, cet_ibt, cet_ss, avx512_ifma
Processor Information for processor 0
  Max Mhz: 2496, Current Mhz: 1497, Mhz Limit: 2496
Processor Information for processor 1
  Max Mhz: 2496, Current Mhz: 2496, Mhz Limit: 2496
Processor Information for processor 2
  Max Mhz: 2496, Current Mhz: 1497, Mhz Limit: 2496
Processor Information for processor 3
  Max Mhz: 2496, Current Mhz: 2496, Mhz Limit: 2496
Processor Information for processor 4
  Max Mhz: 2496, Current Mhz: 2496, Mhz Limit: 2496
Processor Information for processor 5
  Max Mhz: 2496, Current Mhz: 2496, Mhz Limit: 2496
Processor Information for processor 6
  Max Mhz: 2496, Current Mhz: 2496, Mhz Limit: 2496
Processor Information for processor 7
  Max Mhz: 2496, Current Mhz: 2496, Mhz Limit: 2496
Processor Information for processor 8
  Max Mhz: 2496, Current Mhz: 2496, Mhz Limit: 2496
Processor Information for processor 9
  Max Mhz: 2496, Current Mhz: 1497, Mhz Limit: 2496
Processor Information for processor 10
  Max Mhz: 2496, Current Mhz: 2496, Mhz Limit: 2496
Processor Information for processor 11
  Max Mhz: 2496, Current Mhz: 2496, Mhz Limit: 2496
Processor Information for processor 12
  Max Mhz: 2496, Current Mhz: 2496, Mhz Limit: 2496
Processor Information for processor 13
  Max Mhz: 2496, Current Mhz: 2496, Mhz Limit: 2496
Processor Information for processor 14
  Max Mhz: 2496, Current Mhz: 2496, Mhz Limit: 2496
Processor Information for processor 15
  Max Mhz: 2496, Current Mhz: 1497, Mhz Limit: 2496

Memory: 4k page, system-wide physical 16103M (669M free)
TotalPageFile size 45554M (AvailPageFile size 766M)
current process WorkingSet (physical memory assigned to process): 24M, peak: 90M
current process commit charge ("private bytes"): 363M, peak: 372M

vm_info: Java HotSpot(TM) 64-Bit Server VM (21+35-LTS-2513) for windows-amd64 JRE (21+35-LTS-2513), built on 2023-08-09T20:25:10Z by "mach5one" with MS VC++ 17.1 (VS2022)

END.
